{"contracts/Gifto.sol":{"l":{"83":2,"84":2,"92":0,"93":0,"100":0,"101":0,"111":0,"113":0,"120":0,"121":0,"128":0,"138":0,"139":0,"141":0,"142":0,"145":0,"148":0,"149":0,"150":0,"154":0,"155":0,"161":2,"162":2,"163":2,"164":2,"172":0,"178":0,"184":0,"190":0,"198":0,"199":0,"207":0,"215":2,"216":2,"221":2,"230":0,"238":0,"247":0,"255":0,"256":0,"265":0,"266":0,"281":0,"285":0,"286":0,"287":0,"288":0,"290":0,"308":0,"312":0,"313":0,"314":0,"315":0,"316":0,"318":0,"328":0,"329":0,"330":0,"337":0,"345":0,"382":0,"383":0,"384":0,"388":0,"389":0,"390":0,"394":0,"395":0,"396":0,"400":0,"401":0,"402":0,"406":0,"407":0,"408":0,"412":0,"413":0,"414":0,"418":0,"419":0,"420":0,"424":0,"425":0,"426":0,"430":0,"434":0,"435":0,"442":0,"443":0,"456":0,"457":0,"458":0,"459":0,"461":0,"462":0,"474":0,"475":0,"476":0,"486":0,"487":0,"488":0,"489":0,"490":0,"492":0,"493":0,"494":0,"495":0,"507":0,"508":0,"509":0,"510":0,"512":0,"513":0,"514":0,"515":0,"525":0,"526":0,"538":0,"539":0,"550":0,"551":0,"552":0,"563":0,"564":0,"573":0,"574":0,"575":0,"576":0,"577":0,"579":0,"580":0,"592":0,"593":0,"594":0,"595":0,"596":0,"597":0,"614":0,"615":0,"621":0,"622":0,"635":0,"636":0,"637":0,"648":0,"649":0,"651":0,"660":0,"670":0,"671":0,"672":0,"673":0,"674":0,"675":0,"676":0,"678":0,"679":0,"680":0,"693":0,"694":0,"695":0,"696":0,"697":0,"700":0,"701":0,"703":0,"704":0,"705":0,"713":0,"714":0,"715":0},"path":"/home/gabriel/audits/gifto/contracts/Gifto.sol","s":{"1":2,"2":0,"3":0,"4":0,"5":0,"6":0,"7":0,"8":0,"9":0,"10":0,"11":0,"12":0,"13":0,"14":0,"15":0,"16":2,"17":2,"18":2,"19":2,"20":0,"21":0,"22":0,"23":0,"24":0,"25":0,"26":0,"27":2,"28":2,"29":2,"30":0,"31":0,"32":0,"33":0,"34":0,"35":0,"36":0,"37":0,"38":0,"39":0,"40":0,"41":0,"42":0,"43":0,"44":0,"45":0,"46":0,"47":0,"48":0,"49":0,"50":0,"51":0,"52":0,"53":0,"54":0,"55":0,"56":0,"57":0,"58":0,"59":0,"60":0,"61":0,"62":0,"63":0,"64":0,"65":0,"66":0,"67":0,"68":0,"69":0,"70":0,"71":0,"72":0,"73":0,"74":0,"75":0,"76":0,"77":0,"78":0,"79":0,"80":0,"81":0,"82":0,"83":0,"84":0,"85":0,"86":0,"87":0,"88":0,"89":0,"90":0,"91":0,"92":0,"93":0,"94":0,"95":0,"96":0,"97":0,"98":0,"99":0,"100":0,"101":0,"102":0,"103":0,"104":0,"105":0,"106":0,"107":0,"108":0,"109":0,"110":0,"111":0,"112":0,"113":0,"114":0,"115":0,"116":0,"117":0,"118":0,"119":0,"120":0,"121":0,"122":0,"123":0,"124":0,"125":0,"126":0,"127":0,"128":0,"129":0,"130":0,"131":0,"132":0,"133":0,"134":0,"135":0,"136":0,"137":0,"138":0,"139":0,"140":0,"141":0,"142":0,"143":0,"144":0,"145":0,"146":0,"147":0,"148":0,"149":0,"150":0,"151":0},"b":{"1":[2,0],"2":[0,0],"3":[0,0],"4":[0,0],"5":[0,0],"6":[0,0],"7":[0,0],"8":[2,0],"9":[0,0],"10":[0,0],"11":[0,0],"12":[0,0],"13":[0,0],"14":[0,0],"15":[0,0],"16":[0,0],"17":[0,0],"18":[0,0],"19":[0,0],"20":[0,0],"21":[0,0],"22":[0,0],"23":[0,0],"24":[0,0],"25":[0,0],"26":[0,0],"27":[0,0],"28":[0,0],"29":[0,0],"30":[0,0],"31":[0,0],"32":[0,0],"33":[0,0]},"f":{"1":2,"2":0,"3":0,"4":0,"5":0,"6":0,"7":0,"8":2,"9":0,"10":0,"11":0,"12":0,"13":0,"14":0,"15":2,"16":0,"17":0,"18":0,"19":0,"20":0,"21":0,"22":0,"23":0,"24":0,"25":0,"26":0,"27":0,"28":0,"29":0,"30":0,"31":0,"32":0,"33":0,"34":0,"35":0,"36":0,"37":0,"38":0,"39":0,"40":0,"41":0,"42":0,"43":0,"44":0,"45":0,"46":0,"47":0,"48":0,"49":0,"50":0,"51":0,"52":0},"fnMap":{"1":{"name":"onlyOwner","line":82,"loc":{"start":{"line":82,"column":4},"end":{"line":82,"column":22}}},"2":{"name":"onSale","line":91,"loc":{"start":{"line":91,"column":4},"end":{"line":91,"column":19}}},"3":{"name":"validInvestor","line":99,"loc":{"start":{"line":99,"column":4},"end":{"line":99,"column":26}}},"4":{"name":"validValue","line":109,"loc":{"start":{"line":109,"column":4},"end":{"line":109,"column":22}}},"5":{"name":"isTradable","line":119,"loc":{"start":{"line":119,"column":4},"end":{"line":119,"column":22}}},"6":{"name":null,"line":125,"loc":{"start":{"line":125,"column":4},"end":{"line":127,"column":17}}},"7":{"name":"buyGifto","line":132,"loc":{"start":{"line":132,"column":4},"end":{"line":137,"column":23}}},"8":{"name":"Gifto","line":159,"loc":{"start":{"line":159,"column":4},"end":{"line":160,"column":16}}},"9":{"name":"totalSupply","line":169,"loc":{"start":{"line":169,"column":4},"end":{"line":172,"column":27}}},"10":{"name":"turnOnSale","line":177,"loc":{"start":{"line":177,"column":4},"end":{"line":178,"column":16}}},"11":{"name":"turnOffSale","line":183,"loc":{"start":{"line":183,"column":4},"end":{"line":184,"column":16}}},"12":{"name":"turnOnTradable","line":188,"loc":{"start":{"line":188,"column":4},"end":{"line":190,"column":18}}},"13":{"name":"setIcoPercent","line":196,"loc":{"start":{"line":196,"column":4},"end":{"line":198,"column":19}}},"14":{"name":"setMaximumBuy","line":205,"loc":{"start":{"line":205,"column":4},"end":{"line":207,"column":19}}},"15":{"name":"setBuyPrice","line":213,"loc":{"start":{"line":213,"column":4},"end":{"line":215,"column":16}}},"16":{"name":"balanceOf","line":228,"loc":{"start":{"line":228,"column":4},"end":{"line":231,"column":27}}},"17":{"name":"isApprovedInvestor","line":237,"loc":{"start":{"line":237,"column":4},"end":{"line":240,"column":24}}},"18":{"name":"getDeposit","line":247,"loc":{"start":{"line":247,"column":4},"end":{"line":250,"column":25}}},"19":{"name":"addInvestorList","line":256,"loc":{"start":{"line":256,"column":4},"end":{"line":258,"column":16}}},"20":{"name":"removeInvestorList","line":266,"loc":{"start":{"line":266,"column":4},"end":{"line":268,"column":16}}},"21":{"name":"transfer","line":278,"loc":{"start":{"line":278,"column":4},"end":{"line":281,"column":24}}},"22":{"name":"transferFrom","line":304,"loc":{"start":{"line":304,"column":4},"end":{"line":311,"column":28}}},"23":{"name":"approve","line":328,"loc":{"start":{"line":328,"column":4},"end":{"line":331,"column":32}}},"24":{"name":"allowance","line":338,"loc":{"start":{"line":338,"column":4},"end":{"line":341,"column":37}}},"25":{"name":"withdraw","line":347,"loc":{"start":{"line":347,"column":4},"end":{"line":349,"column":24}}},"26":{"name":"onlyWallet","line":386,"loc":{"start":{"line":386,"column":4},"end":{"line":386,"column":23}}},"27":{"name":"ownerDoesNotExist","line":392,"loc":{"start":{"line":392,"column":4},"end":{"line":392,"column":43}}},"28":{"name":"ownerExists","line":398,"loc":{"start":{"line":398,"column":4},"end":{"line":398,"column":37}}},"29":{"name":"transactionExists","line":404,"loc":{"start":{"line":404,"column":4},"end":{"line":404,"column":48}}},"30":{"name":"confirmed","line":410,"loc":{"start":{"line":410,"column":4},"end":{"line":410,"column":55}}},"31":{"name":"notConfirmed","line":416,"loc":{"start":{"line":416,"column":4},"end":{"line":416,"column":58}}},"32":{"name":"notExecuted","line":422,"loc":{"start":{"line":422,"column":4},"end":{"line":422,"column":42}}},"33":{"name":"notNull","line":428,"loc":{"start":{"line":428,"column":4},"end":{"line":428,"column":36}}},"34":{"name":"validRequirement","line":434,"loc":{"start":{"line":434,"column":4},"end":{"line":434,"column":60}}},"35":{"name":null,"line":444,"loc":{"start":{"line":444,"column":4},"end":{"line":446,"column":5}}},"36":{"name":"MultiSigWallet","line":457,"loc":{"start":{"line":457,"column":4},"end":{"line":460,"column":5}}},"37":{"name":"addOwner","line":472,"loc":{"start":{"line":472,"column":4},"end":{"line":478,"column":5}}},"38":{"name":"removeOwner","line":486,"loc":{"start":{"line":486,"column":4},"end":{"line":490,"column":5}}},"39":{"name":"replaceOwner","line":506,"loc":{"start":{"line":506,"column":4},"end":{"line":511,"column":5}}},"40":{"name":"changeRequirement","line":525,"loc":{"start":{"line":525,"column":4},"end":{"line":529,"column":5}}},"41":{"name":"submitTransaction","line":539,"loc":{"start":{"line":539,"column":4},"end":{"line":542,"column":5}}},"42":{"name":"confirmTransaction","line":549,"loc":{"start":{"line":549,"column":4},"end":{"line":554,"column":5}}},"43":{"name":"revokeConfirmation","line":562,"loc":{"start":{"line":562,"column":4},"end":{"line":567,"column":5}}},"44":{"name":"executeTransaction","line":574,"loc":{"start":{"line":574,"column":4},"end":{"line":577,"column":5}}},"45":{"name":"isConfirmed","line":593,"loc":{"start":{"line":593,"column":4},"end":{"line":597,"column":5}}},"46":{"name":"addTransaction","line":615,"loc":{"start":{"line":615,"column":4},"end":{"line":619,"column":5}}},"47":{"name":"getConfirmationCount","line":637,"loc":{"start":{"line":637,"column":4},"end":{"line":641,"column":5}}},"48":{"name":"getTransactionCount","line":651,"loc":{"start":{"line":651,"column":4},"end":{"line":655,"column":5}}},"49":{"name":"getOwners","line":664,"loc":{"start":{"line":664,"column":4},"end":{"line":668,"column":5}}},"50":{"name":"getConfirmations","line":675,"loc":{"start":{"line":675,"column":4},"end":{"line":679,"column":5}}},"51":{"name":"getTransactionIds","line":699,"loc":{"start":{"line":699,"column":4},"end":{"line":703,"column":5}}},"52":{"name":"createCoin","line":720,"loc":{"start":{"line":720,"column":4},"end":{"line":723,"column":5}}}},"statementMap":{"1":{"start":{"line":83,"column":8},"end":{"line":83,"column":35}},"2":{"start":{"line":92,"column":8},"end":{"line":92,"column":24}},"3":{"start":{"line":100,"column":8},"end":{"line":100,"column":48}},"4":{"start":{"line":111,"column":8},"end":{"line":111,"column":3692}},"5":{"start":{"line":120,"column":8},"end":{"line":120,"column":55}},"6":{"start":{"line":128,"column":8},"end":{"line":128,"column":17}},"7":{"start":{"line":138,"column":8},"end":{"line":138,"column":72}},"8":{"start":{"line":139,"column":8},"end":{"line":139,"column":49}},"9":{"start":{"line":141,"column":8},"end":{"line":141,"column":40}},"10":{"start":{"line":142,"column":8},"end":{"line":142,"column":45}},"11":{"start":{"line":145,"column":8},"end":{"line":145,"column":39}},"12":{"start":{"line":148,"column":8},"end":{"line":148,"column":39}},"13":{"start":{"line":149,"column":8},"end":{"line":149,"column":4628}},"14":{"start":{"line":150,"column":12},"end":{"line":150,"column":27}},"15":{"start":{"line":154,"column":8},"end":{"line":154,"column":50}},"16":{"start":{"line":161,"column":8},"end":{"line":161,"column":25}},"17":{"start":{"line":162,"column":8},"end":{"line":162,"column":37}},"18":{"start":{"line":163,"column":8},"end":{"line":163,"column":37}},"19":{"start":{"line":164,"column":8},"end":{"line":164,"column":41}},"20":{"start":{"line":173,"column":8},"end":{"line":173,"column":27}},"21":{"start":{"line":179,"column":8},"end":{"line":179,"column":22}},"22":{"start":{"line":185,"column":8},"end":{"line":185,"column":23}},"23":{"start":{"line":191,"column":8},"end":{"line":191,"column":22}},"24":{"start":{"line":199,"column":8},"end":{"line":199,"column":34}},"25":{"start":{"line":200,"column":8},"end":{"line":200,"column":52}},"26":{"start":{"line":208,"column":8},"end":{"line":208,"column":34}},"27":{"start":{"line":216,"column":8},"end":{"line":216,"column":29}},"28":{"start":{"line":217,"column":8},"end":{"line":217,"column":38}},"29":{"start":{"line":222,"column":8},"end":{"line":222,"column":60}},"30":{"start":{"line":232,"column":8},"end":{"line":232,"column":30}},"31":{"start":{"line":241,"column":8},"end":{"line":241,"column":42}},"32":{"start":{"line":251,"column":8},"end":{"line":251,"column":29}},"33":{"start":{"line":259,"column":8},"end":{"line":259,"column":7640}},"34":{"start":{"line":260,"column":12},"end":{"line":260,"column":58}},"35":{"start":{"line":269,"column":8},"end":{"line":269,"column":7994}},"36":{"start":{"line":270,"column":12},"end":{"line":270,"column":56}},"37":{"start":{"line":285,"column":8},"end":{"line":285,"column":8560}},"38":{"start":{"line":289,"column":12},"end":{"line":289,"column":42}},"39":{"start":{"line":290,"column":12},"end":{"line":290,"column":35}},"40":{"start":{"line":291,"column":12},"end":{"line":291,"column":45}},"41":{"start":{"line":292,"column":12},"end":{"line":292,"column":23}},"42":{"start":{"line":294,"column":12},"end":{"line":294,"column":24}},"43":{"start":{"line":312,"column":8},"end":{"line":312,"column":9545}},"44":{"start":{"line":316,"column":12},"end":{"line":316,"column":37}},"45":{"start":{"line":317,"column":12},"end":{"line":317,"column":48}},"46":{"start":{"line":318,"column":12},"end":{"line":318,"column":35}},"47":{"start":{"line":319,"column":12},"end":{"line":319,"column":40}},"48":{"start":{"line":320,"column":12},"end":{"line":320,"column":23}},"49":{"start":{"line":322,"column":12},"end":{"line":322,"column":24}},"50":{"start":{"line":332,"column":8},"end":{"line":332,"column":46}},"51":{"start":{"line":333,"column":8},"end":{"line":333,"column":46}},"52":{"start":{"line":334,"column":8},"end":{"line":334,"column":19}},"53":{"start":{"line":342,"column":8},"end":{"line":342,"column":40}},"54":{"start":{"line":350,"column":8},"end":{"line":350,"column":39}},"55":{"start":{"line":387,"column":8},"end":{"line":387,"column":12043}},"56":{"start":{"line":388,"column":12},"end":{"line":388,"column":19}},"57":{"start":{"line":393,"column":8},"end":{"line":393,"column":12172}},"58":{"start":{"line":394,"column":12},"end":{"line":394,"column":19}},"59":{"start":{"line":399,"column":8},"end":{"line":399,"column":12282}},"60":{"start":{"line":400,"column":12},"end":{"line":400,"column":19}},"61":{"start":{"line":405,"column":8},"end":{"line":405,"column":12404}},"62":{"start":{"line":406,"column":12},"end":{"line":406,"column":19}},"63":{"start":{"line":411,"column":8},"end":{"line":411,"column":12562}},"64":{"start":{"line":412,"column":12},"end":{"line":412,"column":19}},"65":{"start":{"line":417,"column":8},"end":{"line":417,"column":12715}},"66":{"start":{"line":418,"column":12},"end":{"line":418,"column":19}},"67":{"start":{"line":423,"column":8},"end":{"line":423,"column":12851}},"68":{"start":{"line":424,"column":12},"end":{"line":424,"column":19}},"69":{"start":{"line":429,"column":8},"end":{"line":429,"column":12982}},"70":{"start":{"line":430,"column":12},"end":{"line":430,"column":19}},"71":{"start":{"line":435,"column":8},"end":{"line":435,"column":13114}},"72":{"start":{"line":439,"column":12},"end":{"line":439,"column":19}},"73":{"start":{"line":447,"column":8},"end":{"line":447,"column":13413}},"74":{"start":{"line":448,"column":12},"end":{"line":448,"column":41}},"75":{"start":{"line":461,"column":8},"end":{"line":461,"column":13830}},"76":{"start":{"line":462,"column":12},"end":{"line":462,"column":13898}},"77":{"start":{"line":463,"column":16},"end":{"line":463,"column":23}},"78":{"start":{"line":464,"column":12},"end":{"line":464,"column":37}},"79":{"start":{"line":466,"column":8},"end":{"line":466,"column":23}},"80":{"start":{"line":467,"column":8},"end":{"line":467,"column":27}},"81":{"start":{"line":479,"column":8},"end":{"line":479,"column":28}},"82":{"start":{"line":481,"column":8},"end":{"line":481,"column":27}},"83":{"start":{"line":491,"column":8},"end":{"line":491,"column":29}},"84":{"start":{"line":492,"column":8},"end":{"line":492,"column":14737}},"85":{"start":{"line":493,"column":12},"end":{"line":493,"column":14790}},"86":{"start":{"line":494,"column":16},"end":{"line":494,"column":52}},"87":{"start":{"line":497,"column":8},"end":{"line":497,"column":25}},"88":{"start":{"line":498,"column":8},"end":{"line":498,"column":14976}},"89":{"start":{"line":499,"column":12},"end":{"line":499,"column":43}},"90":{"start":{"line":500,"column":8},"end":{"line":500,"column":26}},"91":{"start":{"line":512,"column":8},"end":{"line":512,"column":15419}},"92":{"start":{"line":513,"column":12},"end":{"line":513,"column":15468}},"93":{"start":{"line":514,"column":16},"end":{"line":514,"column":35}},"94":{"start":{"line":517,"column":8},"end":{"line":517,"column":29}},"95":{"start":{"line":518,"column":8},"end":{"line":518,"column":31}},"96":{"start":{"line":519,"column":8},"end":{"line":519,"column":26}},"97":{"start":{"line":520,"column":8},"end":{"line":520,"column":30}},"98":{"start":{"line":530,"column":8},"end":{"line":530,"column":27}},"99":{"start":{"line":531,"column":8},"end":{"line":531,"column":35}},"100":{"start":{"line":543,"column":8},"end":{"line":543,"column":63}},"101":{"start":{"line":544,"column":8},"end":{"line":544,"column":40}},"102":{"start":{"line":555,"column":8},"end":{"line":555,"column":54}},"103":{"start":{"line":556,"column":8},"end":{"line":556,"column":46}},"104":{"start":{"line":557,"column":8},"end":{"line":557,"column":40}},"105":{"start":{"line":568,"column":8},"end":{"line":568,"column":55}},"106":{"start":{"line":569,"column":8},"end":{"line":569,"column":44}},"107":{"start":{"line":578,"column":8},"end":{"line":578,"column":17670}},"108":{"start":{"line":579,"column":12},"end":{"line":579,"column":55}},"109":{"start":{"line":580,"column":12},"end":{"line":580,"column":29}},"110":{"start":{"line":581,"column":12},"end":{"line":581,"column":17810}},"111":{"start":{"line":582,"column":16},"end":{"line":582,"column":39}},"112":{"start":{"line":584,"column":16},"end":{"line":584,"column":46}},"113":{"start":{"line":585,"column":16},"end":{"line":585,"column":34}},"114":{"start":{"line":598,"column":8},"end":{"line":598,"column":21}},"115":{"start":{"line":599,"column":8},"end":{"line":599,"column":18317}},"116":{"start":{"line":600,"column":12},"end":{"line":600,"column":18386}},"117":{"start":{"line":601,"column":16},"end":{"line":601,"column":25}},"118":{"start":{"line":602,"column":12},"end":{"line":602,"column":18472}},"119":{"start":{"line":603,"column":16},"end":{"line":603,"column":27}},"120":{"start":{"line":620,"column":8},"end":{"line":620,"column":39}},"121":{"start":{"line":621,"column":8},"end":{"line":621,"column":19062}},"122":{"start":{"line":627,"column":8},"end":{"line":627,"column":28}},"123":{"start":{"line":628,"column":8},"end":{"line":628,"column":32}},"124":{"start":{"line":642,"column":8},"end":{"line":642,"column":19644}},"125":{"start":{"line":643,"column":12},"end":{"line":643,"column":19693}},"126":{"start":{"line":644,"column":16},"end":{"line":644,"column":25}},"127":{"start":{"line":656,"column":8},"end":{"line":656,"column":20166}},"128":{"start":{"line":657,"column":12},"end":{"line":657,"column":20218}},"129":{"start":{"line":659,"column":16},"end":{"line":659,"column":25}},"130":{"start":{"line":669,"column":8},"end":{"line":669,"column":21}},"131":{"start":{"line":680,"column":8},"end":{"line":680,"column":72}},"132":{"start":{"line":681,"column":8},"end":{"line":681,"column":21}},"133":{"start":{"line":683,"column":8},"end":{"line":683,"column":20966}},"134":{"start":{"line":684,"column":12},"end":{"line":684,"column":21010}},"135":{"start":{"line":685,"column":16},"end":{"line":685,"column":51}},"136":{"start":{"line":686,"column":16},"end":{"line":686,"column":25}},"137":{"start":{"line":688,"column":8},"end":{"line":688,"column":44}},"138":{"start":{"line":689,"column":8},"end":{"line":689,"column":21248}},"139":{"start":{"line":690,"column":12},"end":{"line":690,"column":51}},"140":{"start":{"line":704,"column":8},"end":{"line":704,"column":70}},"141":{"start":{"line":705,"column":8},"end":{"line":705,"column":21}},"142":{"start":{"line":707,"column":8},"end":{"line":707,"column":21916}},"143":{"start":{"line":708,"column":12},"end":{"line":708,"column":21963}},"144":{"start":{"line":711,"column":16},"end":{"line":711,"column":44}},"145":{"start":{"line":712,"column":16},"end":{"line":712,"column":25}},"146":{"start":{"line":714,"column":8},"end":{"line":714,"column":46}},"147":{"start":{"line":715,"column":8},"end":{"line":715,"column":22273}},"148":{"start":{"line":716,"column":12},"end":{"line":716,"column":60}},"149":{"start":{"line":724,"column":8},"end":{"line":724,"column":28}},"150":{"start":{"line":725,"column":8},"end":{"line":725,"column":32}},"151":{"start":{"line":726,"column":8},"end":{"line":726,"column":19}}},"branchMap":{"1":{"line":83,"type":"if","locations":[{"start":{"line":83,"column":8},"end":{"line":83,"column":8}},{"start":{"line":83,"column":8},"end":{"line":83,"column":8}}]},"2":{"line":92,"type":"if","locations":[{"start":{"line":92,"column":8},"end":{"line":92,"column":8}},{"start":{"line":92,"column":8},"end":{"line":92,"column":8}}]},"3":{"line":100,"type":"if","locations":[{"start":{"line":100,"column":8},"end":{"line":100,"column":8}},{"start":{"line":100,"column":8},"end":{"line":100,"column":8}}]},"4":{"line":111,"type":"if","locations":[{"start":{"line":111,"column":8},"end":{"line":111,"column":8}},{"start":{"line":111,"column":8},"end":{"line":111,"column":8}}]},"5":{"line":120,"type":"if","locations":[{"start":{"line":120,"column":8},"end":{"line":120,"column":8}},{"start":{"line":120,"column":8},"end":{"line":120,"column":8}}]},"6":{"line":139,"type":"if","locations":[{"start":{"line":139,"column":8},"end":{"line":139,"column":8}},{"start":{"line":139,"column":8},"end":{"line":139,"column":8}}]},"7":{"line":149,"type":"if","locations":[{"start":{"line":149,"column":8},"end":{"line":149,"column":8}},{"start":{"line":149,"column":8},"end":{"line":149,"column":8}}]},"8":{"line":216,"type":"if","locations":[{"start":{"line":216,"column":8},"end":{"line":216,"column":8}},{"start":{"line":216,"column":8},"end":{"line":216,"column":8}}]},"9":{"line":285,"type":"if","locations":[{"start":{"line":285,"column":8},"end":{"line":285,"column":8}},{"start":{"line":285,"column":8},"end":{"line":285,"column":8}}]},"10":{"line":312,"type":"if","locations":[{"start":{"line":312,"column":8},"end":{"line":312,"column":8}},{"start":{"line":312,"column":8},"end":{"line":312,"column":8}}]},"11":{"line":387,"type":"if","locations":[{"start":{"line":387,"column":8},"end":{"line":387,"column":8}},{"start":{"line":387,"column":8},"end":{"line":387,"column":8}}]},"12":{"line":393,"type":"if","locations":[{"start":{"line":393,"column":8},"end":{"line":393,"column":8}},{"start":{"line":393,"column":8},"end":{"line":393,"column":8}}]},"13":{"line":399,"type":"if","locations":[{"start":{"line":399,"column":8},"end":{"line":399,"column":8}},{"start":{"line":399,"column":8},"end":{"line":399,"column":8}}]},"14":{"line":405,"type":"if","locations":[{"start":{"line":405,"column":8},"end":{"line":405,"column":8}},{"start":{"line":405,"column":8},"end":{"line":405,"column":8}}]},"15":{"line":411,"type":"if","locations":[{"start":{"line":411,"column":8},"end":{"line":411,"column":8}},{"start":{"line":411,"column":8},"end":{"line":411,"column":8}}]},"16":{"line":417,"type":"if","locations":[{"start":{"line":417,"column":8},"end":{"line":417,"column":8}},{"start":{"line":417,"column":8},"end":{"line":417,"column":8}}]},"17":{"line":423,"type":"if","locations":[{"start":{"line":423,"column":8},"end":{"line":423,"column":8}},{"start":{"line":423,"column":8},"end":{"line":423,"column":8}}]},"18":{"line":429,"type":"if","locations":[{"start":{"line":429,"column":8},"end":{"line":429,"column":8}},{"start":{"line":429,"column":8},"end":{"line":429,"column":8}}]},"19":{"line":435,"type":"if","locations":[{"start":{"line":435,"column":8},"end":{"line":435,"column":8}},{"start":{"line":435,"column":8},"end":{"line":435,"column":8}}]},"20":{"line":447,"type":"if","locations":[{"start":{"line":447,"column":8},"end":{"line":447,"column":8}},{"start":{"line":447,"column":8},"end":{"line":447,"column":8}}]},"21":{"line":462,"type":"if","locations":[{"start":{"line":462,"column":12},"end":{"line":462,"column":12}},{"start":{"line":462,"column":12},"end":{"line":462,"column":12}}]},"22":{"line":493,"type":"if","locations":[{"start":{"line":493,"column":12},"end":{"line":493,"column":12}},{"start":{"line":493,"column":12},"end":{"line":493,"column":12}}]},"23":{"line":498,"type":"if","locations":[{"start":{"line":498,"column":8},"end":{"line":498,"column":8}},{"start":{"line":498,"column":8},"end":{"line":498,"column":8}}]},"24":{"line":513,"type":"if","locations":[{"start":{"line":513,"column":12},"end":{"line":513,"column":12}},{"start":{"line":513,"column":12},"end":{"line":513,"column":12}}]},"25":{"line":578,"type":"if","locations":[{"start":{"line":578,"column":8},"end":{"line":578,"column":8}},{"start":{"line":578,"column":8},"end":{"line":578,"column":8}}]},"26":{"line":581,"type":"if","locations":[{"start":{"line":581,"column":12},"end":{"line":581,"column":12}},{"start":{"line":581,"column":12},"end":{"line":581,"column":12}}]},"27":{"line":600,"type":"if","locations":[{"start":{"line":600,"column":12},"end":{"line":600,"column":12}},{"start":{"line":600,"column":12},"end":{"line":600,"column":12}}]},"28":{"line":602,"type":"if","locations":[{"start":{"line":602,"column":12},"end":{"line":602,"column":12}},{"start":{"line":602,"column":12},"end":{"line":602,"column":12}}]},"29":{"line":643,"type":"if","locations":[{"start":{"line":643,"column":12},"end":{"line":643,"column":12}},{"start":{"line":643,"column":12},"end":{"line":643,"column":12}}]},"30":{"line":657,"type":"if","locations":[{"start":{"line":657,"column":12},"end":{"line":657,"column":12}},{"start":{"line":657,"column":12},"end":{"line":657,"column":12}}]},"31":{"line":684,"type":"if","locations":[{"start":{"line":684,"column":12},"end":{"line":684,"column":12}},{"start":{"line":684,"column":12},"end":{"line":684,"column":12}}]},"32":{"line":708,"type":"if","locations":[{"start":{"line":708,"column":12},"end":{"line":708,"column":12}},{"start":{"line":708,"column":12},"end":{"line":708,"column":12}}]},"33":{"line":724,"type":"if","locations":[{"start":{"line":724,"column":8},"end":{"line":724,"column":8}},{"start":{"line":724,"column":8},"end":{"line":724,"column":8}}]}}},"contracts/helpers/MockMultiSigWallet.sol":{"l":{"11":0},"path":"/home/gabriel/audits/gifto/contracts/helpers/MockMultiSigWallet.sol","s":{},"b":{},"f":{"1":0,"2":0},"fnMap":{"1":{"name":"MultiSigWalletMock","line":8,"loc":{"start":{"line":8,"column":4},"end":{"line":8,"column":99}}},"2":{"name":"onlyWallet","line":10,"loc":{"start":{"line":10,"column":4},"end":{"line":10,"column":23}}}},"statementMap":{},"branchMap":{}},"contracts/Migration.sol":{"l":{"6":5,"9":2,"12":3,"15":1,"16":1},"path":"/home/gabriel/audits/gifto/contracts/Migration.sol","s":{"1":5,"2":2,"3":3,"4":1},"b":{"1":[4,1]},"f":{"1":5,"2":2,"3":3,"4":1},"fnMap":{"1":{"name":"restricted","line":5,"loc":{"start":{"line":5,"column":2},"end":{"line":5,"column":23}}},"2":{"name":"Migrations","line":8,"loc":{"start":{"line":8,"column":2},"end":{"line":8,"column":23}}},"3":{"name":"setCompleted","line":11,"loc":{"start":{"line":11,"column":2},"end":{"line":11,"column":50}}},"4":{"name":"upgrade","line":14,"loc":{"start":{"line":14,"column":2},"end":{"line":14,"column":50}}}},"statementMap":{"1":{"start":{"line":6,"column":4},"end":{"line":6,"column":30}},"2":{"start":{"line":9,"column":4},"end":{"line":9,"column":21}},"3":{"start":{"line":12,"column":4},"end":{"line":12,"column":39}},"4":{"start":{"line":15,"column":4},"end":{"line":15,"column":48}}},"branchMap":{"1":{"line":6,"type":"if","locations":[{"start":{"line":6,"column":4},"end":{"line":6,"column":4}},{"start":{"line":6,"column":4},"end":{"line":6,"column":4}}]}}}}