{"contracts/CMultisigWallet_Gifto.sol":{"l":{"68":0,"69":0,"76":0,"77":0,"85":0,"86":0,"93":0,"94":0,"101":0,"102":0,"112":0,"114":0,"121":0,"123":0,"130":0,"140":0,"142":0,"145":0,"151":0,"153":0,"154":0,"162":0,"170":0,"171":0,"179":0,"187":0,"196":0,"204":0,"212":0,"213":0,"214":0,"215":0,"216":0,"217":0,"221":0,"222":0,"223":0,"224":0,"233":0,"240":0,"247":0,"256":0,"268":0,"270":0,"272":0,"273":0,"276":0,"279":0,"281":0,"282":0,"283":0,"286":0,"289":0,"290":0,"295":0,"305":0,"307":0,"309":0,"311":0,"313":0,"328":0,"332":0,"333":0,"334":0,"336":0,"339":0,"346":0,"352":0,"359":0,"367":0,"375":0,"376":0,"385":0,"386":0,"395":0,"432":0,"433":0,"434":0,"438":0,"439":0,"440":0,"444":0,"445":0,"446":0,"450":0,"451":0,"452":0,"456":0,"457":0,"458":0,"462":0,"463":0,"464":0,"468":0,"469":0,"470":0,"474":0,"475":0,"476":0,"480":0,"484":0,"485":0,"492":0,"493":0,"506":0,"507":0,"508":0,"509":0,"511":0,"512":0,"524":0,"525":0,"526":0,"536":0,"537":0,"538":0,"539":0,"540":0,"542":0,"543":0,"544":0,"545":0,"557":0,"558":0,"559":0,"560":0,"562":0,"563":0,"564":0,"565":0,"575":0,"576":0,"588":0,"589":0,"600":0,"601":0,"602":0,"613":0,"614":0,"623":0,"624":0,"625":0,"626":0,"627":0,"629":0,"630":0,"642":0,"643":0,"644":0,"645":0,"646":0,"647":0,"664":0,"665":0,"671":0,"672":0,"685":0,"686":0,"687":0,"698":0,"699":0,"701":0,"710":0,"720":0,"721":0,"722":0,"723":0,"724":0,"725":0,"726":0,"728":0,"729":0,"730":0,"743":0,"744":0,"745":0,"746":0,"747":0,"750":0,"751":0,"753":0,"754":0,"755":0,"763":0,"764":0,"765":0},"path":"/home/gabriel/audits/gifto/contracts/CMultisigWallet_Gifto.sol","s":{"1":0,"2":0,"3":0,"4":0,"5":0,"6":0,"7":0,"8":0,"9":0,"10":0,"11":0,"12":0,"13":0,"14":0,"15":0,"16":0,"17":0,"18":0,"19":0,"20":0,"21":0,"22":0,"23":0,"24":0,"25":0,"26":0,"27":0,"28":0,"29":0,"30":0,"31":0,"32":0,"33":0,"34":0,"35":0,"36":0,"37":0,"38":0,"39":0,"40":0,"41":0,"42":0,"43":0,"44":0,"45":0,"46":0,"47":0,"48":0,"49":0,"50":0,"51":0,"52":0,"53":0,"54":0,"55":0,"56":0,"57":0,"58":0,"59":0,"60":0,"61":0,"62":0,"63":0,"64":0,"65":0,"66":0,"67":0,"68":0,"69":0,"70":0,"71":0,"72":0,"73":0,"74":0,"75":0,"76":0,"77":0,"78":0,"79":0,"80":0,"81":0,"82":0,"83":0,"84":0,"85":0,"86":0,"87":0,"88":0,"89":0,"90":0,"91":0,"92":0,"93":0,"94":0,"95":0,"96":0,"97":0,"98":0,"99":0,"100":0,"101":0,"102":0,"103":0,"104":0,"105":0,"106":0,"107":0,"108":0,"109":0,"110":0,"111":0,"112":0,"113":0,"114":0,"115":0,"116":0,"117":0,"118":0,"119":0,"120":0,"121":0,"122":0,"123":0,"124":0,"125":0,"126":0,"127":0,"128":0,"129":0,"130":0,"131":0,"132":0,"133":0,"134":0,"135":0,"136":0,"137":0,"138":0,"139":0,"140":0,"141":0,"142":0,"143":0,"144":0,"145":0,"146":0,"147":0,"148":0,"149":0,"150":0,"151":0,"152":0,"153":0,"154":0,"155":0,"156":0,"157":0,"158":0,"159":0,"160":0,"161":0},"b":{"1":[0,0],"2":[0,0],"3":[0,0],"4":[0,0],"5":[0,0],"6":[0,0],"7":[0,0],"8":[0,0],"9":[0,0],"10":[0,0],"11":[0,0],"12":[0,0],"13":[0,0],"14":[0,0],"15":[0,0],"16":[0,0],"17":[0,0],"18":[0,0],"19":[0,0],"20":[0,0],"21":[0,0],"22":[0,0],"23":[0,0],"24":[0,0],"25":[0,0],"26":[0,0],"27":[0,0],"28":[0,0],"29":[0,0],"30":[0,0],"31":[0,0],"32":[0,0],"33":[0,0],"34":[0,0],"35":[0,0],"36":[0,0],"37":[0,0],"38":[0,0]},"f":{"1":0,"2":0,"3":0,"4":0,"5":0,"6":0,"7":0,"8":0,"9":0,"10":0,"11":0,"12":0,"13":0,"14":0,"15":0,"16":0,"17":0,"18":0,"19":0,"20":0,"21":0,"22":0,"23":0,"24":0,"25":0,"26":0,"27":0,"28":0,"29":0,"30":0,"31":0,"32":0,"33":0,"34":0,"35":0,"36":0,"37":0,"38":0,"39":0,"40":0,"41":0,"42":0,"43":0,"44":0,"45":0,"46":0,"47":0,"48":0,"49":0,"50":0,"51":0,"52":0,"53":0,"54":0,"55":0,"56":0,"57":0,"58":0},"fnMap":{"1":{"name":"onlyOwner","line":67,"loc":{"start":{"line":67,"column":4},"end":{"line":67,"column":22}}},"2":{"name":"onlyNotOwner","line":75,"loc":{"start":{"line":75,"column":4},"end":{"line":75,"column":25}}},"3":{"name":"onSale","line":84,"loc":{"start":{"line":84,"column":4},"end":{"line":84,"column":19}}},"4":{"name":"validOriginalBuyPrice","line":92,"loc":{"start":{"line":92,"column":4},"end":{"line":92,"column":34}}},"5":{"name":"validInvestor","line":100,"loc":{"start":{"line":100,"column":4},"end":{"line":100,"column":26}}},"6":{"name":"validValue","line":110,"loc":{"start":{"line":110,"column":4},"end":{"line":110,"column":22}}},"7":{"name":"validRange","line":120,"loc":{"start":{"line":120,"column":4},"end":{"line":120,"column":36}}},"8":{"name":null,"line":127,"loc":{"start":{"line":127,"column":4},"end":{"line":129,"column":17}}},"9":{"name":"buyGifto","line":134,"loc":{"start":{"line":134,"column":4},"end":{"line":138,"column":20}}},"10":{"name":"Gifto","line":149,"loc":{"start":{"line":149,"column":4},"end":{"line":150,"column":16}}},"11":{"name":"totalSupply","line":159,"loc":{"start":{"line":159,"column":4},"end":{"line":162,"column":27}}},"12":{"name":"setIcoPercent","line":168,"loc":{"start":{"line":168,"column":4},"end":{"line":170,"column":19}}},"13":{"name":"setMinimumBuy","line":177,"loc":{"start":{"line":177,"column":4},"end":{"line":179,"column":19}}},"14":{"name":"setMaximumBuy","line":185,"loc":{"start":{"line":185,"column":4},"end":{"line":187,"column":19}}},"15":{"name":"balanceOf","line":194,"loc":{"start":{"line":194,"column":4},"end":{"line":197,"column":27}}},"16":{"name":"isApprovedInvestor","line":203,"loc":{"start":{"line":203,"column":4},"end":{"line":206,"column":24}}},"17":{"name":"filterBuyers","line":212,"loc":{"start":{"line":212,"column":4},"end":{"line":215,"column":38}}},"18":{"name":"getInvestorBuyers","line":234,"loc":{"start":{"line":234,"column":4},"end":{"line":237,"column":27}}},"19":{"name":"getNormalBuyers","line":242,"loc":{"start":{"line":242,"column":4},"end":{"line":245,"column":27}}},"20":{"name":"getAllBuyers","line":250,"loc":{"start":{"line":250,"column":4},"end":{"line":253,"column":23}}},"21":{"name":"getDeposit","line":260,"loc":{"start":{"line":260,"column":4},"end":{"line":263,"column":25}}},"22":{"name":"deliveryToken","line":270,"loc":{"start":{"line":270,"column":4},"end":{"line":274,"column":26}}},"23":{"name":"returnETHforUnqualifiedBuyers","line":309,"loc":{"start":{"line":309,"column":4},"end":{"line":312,"column":18}}},"24":{"name":"transfer","line":330,"loc":{"start":{"line":330,"column":4},"end":{"line":332,"column":24}}},"25":{"name":"turnOnSale","line":352,"loc":{"start":{"line":352,"column":4},"end":{"line":353,"column":16}}},"26":{"name":"turnOffSale","line":358,"loc":{"start":{"line":358,"column":4},"end":{"line":359,"column":16}}},"27":{"name":"isSellingNow","line":364,"loc":{"start":{"line":364,"column":4},"end":{"line":367,"column":24}}},"28":{"name":"setBuyPrice","line":373,"loc":{"start":{"line":373,"column":4},"end":{"line":375,"column":16}}},"29":{"name":"addInvestorList","line":381,"loc":{"start":{"line":381,"column":4},"end":{"line":383,"column":16}}},"30":{"name":"removeInvestorList","line":391,"loc":{"start":{"line":391,"column":4},"end":{"line":393,"column":16}}},"31":{"name":"withdraw","line":401,"loc":{"start":{"line":401,"column":4},"end":{"line":403,"column":24}}},"32":{"name":"onlyWallet","line":440,"loc":{"start":{"line":440,"column":4},"end":{"line":440,"column":23}}},"33":{"name":"ownerDoesNotExist","line":446,"loc":{"start":{"line":446,"column":4},"end":{"line":446,"column":43}}},"34":{"name":"ownerExists","line":452,"loc":{"start":{"line":452,"column":4},"end":{"line":452,"column":37}}},"35":{"name":"transactionExists","line":458,"loc":{"start":{"line":458,"column":4},"end":{"line":458,"column":48}}},"36":{"name":"confirmed","line":464,"loc":{"start":{"line":464,"column":4},"end":{"line":464,"column":55}}},"37":{"name":"notConfirmed","line":470,"loc":{"start":{"line":470,"column":4},"end":{"line":470,"column":58}}},"38":{"name":"notExecuted","line":476,"loc":{"start":{"line":476,"column":4},"end":{"line":476,"column":42}}},"39":{"name":"notNull","line":482,"loc":{"start":{"line":482,"column":4},"end":{"line":482,"column":36}}},"40":{"name":"validRequirement","line":488,"loc":{"start":{"line":488,"column":4},"end":{"line":488,"column":60}}},"41":{"name":null,"line":498,"loc":{"start":{"line":498,"column":4},"end":{"line":500,"column":5}}},"42":{"name":"MultiSigWallet","line":511,"loc":{"start":{"line":511,"column":4},"end":{"line":514,"column":5}}},"43":{"name":"addOwner","line":526,"loc":{"start":{"line":526,"column":4},"end":{"line":532,"column":5}}},"44":{"name":"removeOwner","line":540,"loc":{"start":{"line":540,"column":4},"end":{"line":544,"column":5}}},"45":{"name":"replaceOwner","line":560,"loc":{"start":{"line":560,"column":4},"end":{"line":565,"column":5}}},"46":{"name":"changeRequirement","line":579,"loc":{"start":{"line":579,"column":4},"end":{"line":583,"column":5}}},"47":{"name":"submitTransaction","line":593,"loc":{"start":{"line":593,"column":4},"end":{"line":596,"column":5}}},"48":{"name":"confirmTransaction","line":603,"loc":{"start":{"line":603,"column":4},"end":{"line":608,"column":5}}},"49":{"name":"revokeConfirmation","line":616,"loc":{"start":{"line":616,"column":4},"end":{"line":621,"column":5}}},"50":{"name":"executeTransaction","line":628,"loc":{"start":{"line":628,"column":4},"end":{"line":631,"column":5}}},"51":{"name":"isConfirmed","line":647,"loc":{"start":{"line":647,"column":4},"end":{"line":651,"column":5}}},"52":{"name":"addTransaction","line":669,"loc":{"start":{"line":669,"column":4},"end":{"line":673,"column":5}}},"53":{"name":"getConfirmationCount","line":691,"loc":{"start":{"line":691,"column":4},"end":{"line":695,"column":5}}},"54":{"name":"getTransactionCount","line":705,"loc":{"start":{"line":705,"column":4},"end":{"line":709,"column":5}}},"55":{"name":"getOwners","line":718,"loc":{"start":{"line":718,"column":4},"end":{"line":722,"column":5}}},"56":{"name":"getConfirmations","line":729,"loc":{"start":{"line":729,"column":4},"end":{"line":733,"column":5}}},"57":{"name":"getTransactionIds","line":753,"loc":{"start":{"line":753,"column":4},"end":{"line":757,"column":5}}},"58":{"name":"createCoin","line":774,"loc":{"start":{"line":774,"column":4},"end":{"line":777,"column":5}}}},"statementMap":{"1":{"start":{"line":68,"column":8},"end":{"line":68,"column":35}},"2":{"start":{"line":76,"column":8},"end":{"line":76,"column":35}},"3":{"start":{"line":85,"column":8},"end":{"line":85,"column":45}},"4":{"start":{"line":93,"column":8},"end":{"line":93,"column":37}},"5":{"start":{"line":101,"column":8},"end":{"line":101,"column":48}},"6":{"start":{"line":112,"column":8},"end":{"line":112,"column":3412}},"7":{"start":{"line":121,"column":8},"end":{"line":121,"column":3673}},"8":{"start":{"line":130,"column":8},"end":{"line":130,"column":17}},"9":{"start":{"line":140,"column":8},"end":{"line":140,"column":4079}},"10":{"start":{"line":145,"column":8},"end":{"line":145,"column":39}},"11":{"start":{"line":151,"column":8},"end":{"line":151,"column":25}},"12":{"start":{"line":153,"column":8},"end":{"line":153,"column":37}},"13":{"start":{"line":154,"column":8},"end":{"line":154,"column":41}},"14":{"start":{"line":163,"column":8},"end":{"line":163,"column":27}},"15":{"start":{"line":171,"column":8},"end":{"line":171,"column":34}},"16":{"start":{"line":172,"column":8},"end":{"line":172,"column":52}},"17":{"start":{"line":180,"column":8},"end":{"line":180,"column":34}},"18":{"start":{"line":188,"column":8},"end":{"line":188,"column":34}},"19":{"start":{"line":198,"column":8},"end":{"line":198,"column":30}},"20":{"start":{"line":207,"column":8},"end":{"line":207,"column":42}},"21":{"start":{"line":216,"column":8},"end":{"line":216,"column":64}},"22":{"start":{"line":217,"column":8},"end":{"line":217,"column":21}},"23":{"start":{"line":218,"column":8},"end":{"line":218,"column":6235}},"24":{"start":{"line":219,"column":12},"end":{"line":219,"column":6293}},"25":{"start":{"line":220,"column":16},"end":{"line":220,"column":43}},"26":{"start":{"line":225,"column":8},"end":{"line":225,"column":40}},"27":{"start":{"line":226,"column":8},"end":{"line":226,"column":6495}},"28":{"start":{"line":227,"column":12},"end":{"line":227,"column":6540}},"29":{"start":{"line":228,"column":16},"end":{"line":228,"column":43}},"30":{"start":{"line":238,"column":8},"end":{"line":238,"column":33}},"31":{"start":{"line":246,"column":8},"end":{"line":246,"column":34}},"32":{"start":{"line":254,"column":8},"end":{"line":254,"column":21}},"33":{"start":{"line":264,"column":8},"end":{"line":264,"column":29}},"34":{"start":{"line":276,"column":8},"end":{"line":276,"column":22}},"35":{"start":{"line":278,"column":8},"end":{"line":278,"column":45}},"36":{"start":{"line":280,"column":8},"end":{"line":280,"column":7839}},"37":{"start":{"line":281,"column":12},"end":{"line":281,"column":7886}},"38":{"start":{"line":284,"column":16},"end":{"line":284,"column":89}},"39":{"start":{"line":287,"column":16},"end":{"line":287,"column":8176}},"40":{"start":{"line":289,"column":20},"end":{"line":289,"column":52}},"41":{"start":{"line":290,"column":20},"end":{"line":290,"column":56}},"42":{"start":{"line":291,"column":20},"end":{"line":291,"column":47}},"43":{"start":{"line":294,"column":20},"end":{"line":294,"column":61}},"44":{"start":{"line":297,"column":20},"end":{"line":297,"column":44}},"45":{"start":{"line":298,"column":20},"end":{"line":298,"column":41}},"46":{"start":{"line":313,"column":8},"end":{"line":313,"column":9089}},"47":{"start":{"line":315,"column":12},"end":{"line":315,"column":9177}},"48":{"start":{"line":317,"column":16},"end":{"line":317,"column":56}},"49":{"start":{"line":319,"column":16},"end":{"line":319,"column":37}},"50":{"start":{"line":336,"column":8},"end":{"line":336,"column":9955}},"51":{"start":{"line":340,"column":12},"end":{"line":340,"column":42}},"52":{"start":{"line":341,"column":12},"end":{"line":341,"column":35}},"53":{"start":{"line":342,"column":12},"end":{"line":342,"column":45}},"54":{"start":{"line":344,"column":12},"end":{"line":344,"column":23}},"55":{"start":{"line":347,"column":12},"end":{"line":347,"column":19}},"56":{"start":{"line":354,"column":8},"end":{"line":354,"column":22}},"57":{"start":{"line":360,"column":8},"end":{"line":360,"column":23}},"58":{"start":{"line":368,"column":8},"end":{"line":368,"column":23}},"59":{"start":{"line":376,"column":8},"end":{"line":376,"column":38}},"60":{"start":{"line":384,"column":8},"end":{"line":384,"column":11173}},"61":{"start":{"line":385,"column":12},"end":{"line":385,"column":58}},"62":{"start":{"line":394,"column":8},"end":{"line":394,"column":11524}},"63":{"start":{"line":395,"column":12},"end":{"line":395,"column":56}},"64":{"start":{"line":404,"column":8},"end":{"line":404,"column":39}},"65":{"start":{"line":441,"column":8},"end":{"line":441,"column":13097}},"66":{"start":{"line":442,"column":12},"end":{"line":442,"column":19}},"67":{"start":{"line":447,"column":8},"end":{"line":447,"column":13226}},"68":{"start":{"line":448,"column":12},"end":{"line":448,"column":19}},"69":{"start":{"line":453,"column":8},"end":{"line":453,"column":13336}},"70":{"start":{"line":454,"column":12},"end":{"line":454,"column":19}},"71":{"start":{"line":459,"column":8},"end":{"line":459,"column":13458}},"72":{"start":{"line":460,"column":12},"end":{"line":460,"column":19}},"73":{"start":{"line":465,"column":8},"end":{"line":465,"column":13616}},"74":{"start":{"line":466,"column":12},"end":{"line":466,"column":19}},"75":{"start":{"line":471,"column":8},"end":{"line":471,"column":13769}},"76":{"start":{"line":472,"column":12},"end":{"line":472,"column":19}},"77":{"start":{"line":477,"column":8},"end":{"line":477,"column":13905}},"78":{"start":{"line":478,"column":12},"end":{"line":478,"column":19}},"79":{"start":{"line":483,"column":8},"end":{"line":483,"column":14036}},"80":{"start":{"line":484,"column":12},"end":{"line":484,"column":19}},"81":{"start":{"line":489,"column":8},"end":{"line":489,"column":14168}},"82":{"start":{"line":493,"column":12},"end":{"line":493,"column":19}},"83":{"start":{"line":501,"column":8},"end":{"line":501,"column":14467}},"84":{"start":{"line":502,"column":12},"end":{"line":502,"column":41}},"85":{"start":{"line":515,"column":8},"end":{"line":515,"column":14884}},"86":{"start":{"line":516,"column":12},"end":{"line":516,"column":14952}},"87":{"start":{"line":517,"column":16},"end":{"line":517,"column":23}},"88":{"start":{"line":518,"column":12},"end":{"line":518,"column":37}},"89":{"start":{"line":520,"column":8},"end":{"line":520,"column":23}},"90":{"start":{"line":521,"column":8},"end":{"line":521,"column":27}},"91":{"start":{"line":533,"column":8},"end":{"line":533,"column":28}},"92":{"start":{"line":535,"column":8},"end":{"line":535,"column":27}},"93":{"start":{"line":545,"column":8},"end":{"line":545,"column":29}},"94":{"start":{"line":546,"column":8},"end":{"line":546,"column":15791}},"95":{"start":{"line":547,"column":12},"end":{"line":547,"column":15844}},"96":{"start":{"line":548,"column":16},"end":{"line":548,"column":52}},"97":{"start":{"line":551,"column":8},"end":{"line":551,"column":25}},"98":{"start":{"line":552,"column":8},"end":{"line":552,"column":16030}},"99":{"start":{"line":553,"column":12},"end":{"line":553,"column":43}},"100":{"start":{"line":554,"column":8},"end":{"line":554,"column":26}},"101":{"start":{"line":566,"column":8},"end":{"line":566,"column":16473}},"102":{"start":{"line":567,"column":12},"end":{"line":567,"column":16522}},"103":{"start":{"line":568,"column":16},"end":{"line":568,"column":35}},"104":{"start":{"line":571,"column":8},"end":{"line":571,"column":29}},"105":{"start":{"line":572,"column":8},"end":{"line":572,"column":31}},"106":{"start":{"line":573,"column":8},"end":{"line":573,"column":26}},"107":{"start":{"line":574,"column":8},"end":{"line":574,"column":30}},"108":{"start":{"line":584,"column":8},"end":{"line":584,"column":27}},"109":{"start":{"line":585,"column":8},"end":{"line":585,"column":35}},"110":{"start":{"line":597,"column":8},"end":{"line":597,"column":63}},"111":{"start":{"line":598,"column":8},"end":{"line":598,"column":40}},"112":{"start":{"line":609,"column":8},"end":{"line":609,"column":54}},"113":{"start":{"line":610,"column":8},"end":{"line":610,"column":46}},"114":{"start":{"line":611,"column":8},"end":{"line":611,"column":40}},"115":{"start":{"line":622,"column":8},"end":{"line":622,"column":55}},"116":{"start":{"line":623,"column":8},"end":{"line":623,"column":44}},"117":{"start":{"line":632,"column":8},"end":{"line":632,"column":18724}},"118":{"start":{"line":633,"column":12},"end":{"line":633,"column":55}},"119":{"start":{"line":634,"column":12},"end":{"line":634,"column":29}},"120":{"start":{"line":635,"column":12},"end":{"line":635,"column":18864}},"121":{"start":{"line":636,"column":16},"end":{"line":636,"column":39}},"122":{"start":{"line":638,"column":16},"end":{"line":638,"column":46}},"123":{"start":{"line":639,"column":16},"end":{"line":639,"column":34}},"124":{"start":{"line":652,"column":8},"end":{"line":652,"column":21}},"125":{"start":{"line":653,"column":8},"end":{"line":653,"column":19371}},"126":{"start":{"line":654,"column":12},"end":{"line":654,"column":19440}},"127":{"start":{"line":655,"column":16},"end":{"line":655,"column":25}},"128":{"start":{"line":656,"column":12},"end":{"line":656,"column":19526}},"129":{"start":{"line":657,"column":16},"end":{"line":657,"column":27}},"130":{"start":{"line":674,"column":8},"end":{"line":674,"column":39}},"131":{"start":{"line":675,"column":8},"end":{"line":675,"column":20116}},"132":{"start":{"line":681,"column":8},"end":{"line":681,"column":28}},"133":{"start":{"line":682,"column":8},"end":{"line":682,"column":32}},"134":{"start":{"line":696,"column":8},"end":{"line":696,"column":20698}},"135":{"start":{"line":697,"column":12},"end":{"line":697,"column":20747}},"136":{"start":{"line":698,"column":16},"end":{"line":698,"column":25}},"137":{"start":{"line":710,"column":8},"end":{"line":710,"column":21220}},"138":{"start":{"line":711,"column":12},"end":{"line":711,"column":21272}},"139":{"start":{"line":713,"column":16},"end":{"line":713,"column":25}},"140":{"start":{"line":723,"column":8},"end":{"line":723,"column":21}},"141":{"start":{"line":734,"column":8},"end":{"line":734,"column":72}},"142":{"start":{"line":735,"column":8},"end":{"line":735,"column":21}},"143":{"start":{"line":737,"column":8},"end":{"line":737,"column":22020}},"144":{"start":{"line":738,"column":12},"end":{"line":738,"column":22064}},"145":{"start":{"line":739,"column":16},"end":{"line":739,"column":51}},"146":{"start":{"line":740,"column":16},"end":{"line":740,"column":25}},"147":{"start":{"line":742,"column":8},"end":{"line":742,"column":44}},"148":{"start":{"line":743,"column":8},"end":{"line":743,"column":22302}},"149":{"start":{"line":744,"column":12},"end":{"line":744,"column":51}},"150":{"start":{"line":758,"column":8},"end":{"line":758,"column":70}},"151":{"start":{"line":759,"column":8},"end":{"line":759,"column":21}},"152":{"start":{"line":761,"column":8},"end":{"line":761,"column":22970}},"153":{"start":{"line":762,"column":12},"end":{"line":762,"column":23017}},"154":{"start":{"line":765,"column":16},"end":{"line":765,"column":44}},"155":{"start":{"line":766,"column":16},"end":{"line":766,"column":25}},"156":{"start":{"line":768,"column":8},"end":{"line":768,"column":46}},"157":{"start":{"line":769,"column":8},"end":{"line":769,"column":23327}},"158":{"start":{"line":770,"column":12},"end":{"line":770,"column":60}},"159":{"start":{"line":778,"column":8},"end":{"line":778,"column":28}},"160":{"start":{"line":779,"column":8},"end":{"line":779,"column":32}},"161":{"start":{"line":780,"column":8},"end":{"line":780,"column":19}}},"branchMap":{"1":{"line":68,"type":"if","locations":[{"start":{"line":68,"column":8},"end":{"line":68,"column":8}},{"start":{"line":68,"column":8},"end":{"line":68,"column":8}}]},"2":{"line":76,"type":"if","locations":[{"start":{"line":76,"column":8},"end":{"line":76,"column":8}},{"start":{"line":76,"column":8},"end":{"line":76,"column":8}}]},"3":{"line":85,"type":"if","locations":[{"start":{"line":85,"column":8},"end":{"line":85,"column":8}},{"start":{"line":85,"column":8},"end":{"line":85,"column":8}}]},"4":{"line":93,"type":"if","locations":[{"start":{"line":93,"column":8},"end":{"line":93,"column":8}},{"start":{"line":93,"column":8},"end":{"line":93,"column":8}}]},"5":{"line":101,"type":"if","locations":[{"start":{"line":101,"column":8},"end":{"line":101,"column":8}},{"start":{"line":101,"column":8},"end":{"line":101,"column":8}}]},"6":{"line":112,"type":"if","locations":[{"start":{"line":112,"column":8},"end":{"line":112,"column":8}},{"start":{"line":112,"column":8},"end":{"line":112,"column":8}}]},"7":{"line":121,"type":"if","locations":[{"start":{"line":121,"column":8},"end":{"line":121,"column":8}},{"start":{"line":121,"column":8},"end":{"line":121,"column":8}}]},"8":{"line":140,"type":"if","locations":[{"start":{"line":140,"column":8},"end":{"line":140,"column":8}},{"start":{"line":140,"column":8},"end":{"line":140,"column":8}}]},"9":{"line":219,"type":"if","locations":[{"start":{"line":219,"column":12},"end":{"line":219,"column":12}},{"start":{"line":219,"column":12},"end":{"line":219,"column":12}}]},"10":{"line":227,"type":"if","locations":[{"start":{"line":227,"column":12},"end":{"line":227,"column":12}},{"start":{"line":227,"column":12},"end":{"line":227,"column":12}}]},"11":{"line":278,"type":"if","locations":[{"start":{"line":278,"column":8},"end":{"line":278,"column":8}},{"start":{"line":278,"column":8},"end":{"line":278,"column":8}}]},"12":{"line":281,"type":"if","locations":[{"start":{"line":281,"column":12},"end":{"line":281,"column":12}},{"start":{"line":281,"column":12},"end":{"line":281,"column":12}}]},"13":{"line":287,"type":"if","locations":[{"start":{"line":287,"column":16},"end":{"line":287,"column":16}},{"start":{"line":287,"column":16},"end":{"line":287,"column":16}}]},"14":{"line":315,"type":"if","locations":[{"start":{"line":315,"column":12},"end":{"line":315,"column":12}},{"start":{"line":315,"column":12},"end":{"line":315,"column":12}}]},"15":{"line":336,"type":"if","locations":[{"start":{"line":336,"column":8},"end":{"line":336,"column":8}},{"start":{"line":336,"column":8},"end":{"line":336,"column":8}}]},"16":{"line":441,"type":"if","locations":[{"start":{"line":441,"column":8},"end":{"line":441,"column":8}},{"start":{"line":441,"column":8},"end":{"line":441,"column":8}}]},"17":{"line":447,"type":"if","locations":[{"start":{"line":447,"column":8},"end":{"line":447,"column":8}},{"start":{"line":447,"column":8},"end":{"line":447,"column":8}}]},"18":{"line":453,"type":"if","locations":[{"start":{"line":453,"column":8},"end":{"line":453,"column":8}},{"start":{"line":453,"column":8},"end":{"line":453,"column":8}}]},"19":{"line":459,"type":"if","locations":[{"start":{"line":459,"column":8},"end":{"line":459,"column":8}},{"start":{"line":459,"column":8},"end":{"line":459,"column":8}}]},"20":{"line":465,"type":"if","locations":[{"start":{"line":465,"column":8},"end":{"line":465,"column":8}},{"start":{"line":465,"column":8},"end":{"line":465,"column":8}}]},"21":{"line":471,"type":"if","locations":[{"start":{"line":471,"column":8},"end":{"line":471,"column":8}},{"start":{"line":471,"column":8},"end":{"line":471,"column":8}}]},"22":{"line":477,"type":"if","locations":[{"start":{"line":477,"column":8},"end":{"line":477,"column":8}},{"start":{"line":477,"column":8},"end":{"line":477,"column":8}}]},"23":{"line":483,"type":"if","locations":[{"start":{"line":483,"column":8},"end":{"line":483,"column":8}},{"start":{"line":483,"column":8},"end":{"line":483,"column":8}}]},"24":{"line":489,"type":"if","locations":[{"start":{"line":489,"column":8},"end":{"line":489,"column":8}},{"start":{"line":489,"column":8},"end":{"line":489,"column":8}}]},"25":{"line":501,"type":"if","locations":[{"start":{"line":501,"column":8},"end":{"line":501,"column":8}},{"start":{"line":501,"column":8},"end":{"line":501,"column":8}}]},"26":{"line":516,"type":"if","locations":[{"start":{"line":516,"column":12},"end":{"line":516,"column":12}},{"start":{"line":516,"column":12},"end":{"line":516,"column":12}}]},"27":{"line":547,"type":"if","locations":[{"start":{"line":547,"column":12},"end":{"line":547,"column":12}},{"start":{"line":547,"column":12},"end":{"line":547,"column":12}}]},"28":{"line":552,"type":"if","locations":[{"start":{"line":552,"column":8},"end":{"line":552,"column":8}},{"start":{"line":552,"column":8},"end":{"line":552,"column":8}}]},"29":{"line":567,"type":"if","locations":[{"start":{"line":567,"column":12},"end":{"line":567,"column":12}},{"start":{"line":567,"column":12},"end":{"line":567,"column":12}}]},"30":{"line":632,"type":"if","locations":[{"start":{"line":632,"column":8},"end":{"line":632,"column":8}},{"start":{"line":632,"column":8},"end":{"line":632,"column":8}}]},"31":{"line":635,"type":"if","locations":[{"start":{"line":635,"column":12},"end":{"line":635,"column":12}},{"start":{"line":635,"column":12},"end":{"line":635,"column":12}}]},"32":{"line":654,"type":"if","locations":[{"start":{"line":654,"column":12},"end":{"line":654,"column":12}},{"start":{"line":654,"column":12},"end":{"line":654,"column":12}}]},"33":{"line":656,"type":"if","locations":[{"start":{"line":656,"column":12},"end":{"line":656,"column":12}},{"start":{"line":656,"column":12},"end":{"line":656,"column":12}}]},"34":{"line":697,"type":"if","locations":[{"start":{"line":697,"column":12},"end":{"line":697,"column":12}},{"start":{"line":697,"column":12},"end":{"line":697,"column":12}}]},"35":{"line":711,"type":"if","locations":[{"start":{"line":711,"column":12},"end":{"line":711,"column":12}},{"start":{"line":711,"column":12},"end":{"line":711,"column":12}}]},"36":{"line":738,"type":"if","locations":[{"start":{"line":738,"column":12},"end":{"line":738,"column":12}},{"start":{"line":738,"column":12},"end":{"line":738,"column":12}}]},"37":{"line":762,"type":"if","locations":[{"start":{"line":762,"column":12},"end":{"line":762,"column":12}},{"start":{"line":762,"column":12},"end":{"line":762,"column":12}}]},"38":{"line":778,"type":"if","locations":[{"start":{"line":778,"column":8},"end":{"line":778,"column":8}},{"start":{"line":778,"column":8},"end":{"line":778,"column":8}}]}}},"contracts/CMultisigWallet.sol":{"l":{"34":0,"35":0,"36":0,"40":0,"41":0,"42":0,"46":0,"47":0,"48":0,"52":0,"53":0,"54":0,"58":0,"59":0,"60":0,"64":0,"65":0,"66":0,"70":0,"71":0,"72":0,"76":0,"77":0,"78":0,"82":0,"86":0,"87":0,"94":0,"95":0,"108":0,"109":0,"110":0,"111":0,"113":0,"114":0,"126":0,"127":0,"128":0,"138":0,"139":0,"140":0,"141":0,"142":0,"144":0,"145":0,"146":0,"147":0,"159":0,"160":0,"161":0,"162":0,"164":0,"165":0,"166":0,"167":0,"177":0,"178":0,"190":0,"191":0,"202":0,"203":0,"204":0,"215":0,"216":0,"225":0,"226":0,"227":0,"228":0,"229":0,"231":0,"232":0,"244":0,"245":0,"246":0,"247":0,"248":0,"249":0,"266":0,"267":0,"273":0,"274":0,"287":0,"288":0,"289":0,"300":0,"301":0,"303":0,"312":0,"322":0,"323":0,"324":0,"325":0,"326":0,"327":0,"328":0,"330":0,"331":0,"332":0,"345":0,"346":0,"347":0,"348":0,"349":0,"352":0,"353":0,"355":0,"356":0,"357":0},"path":"/home/gabriel/audits/gifto/contracts/CMultisigWallet.sol","s":{"1":0,"2":0,"3":0,"4":0,"5":0,"6":0,"7":0,"8":0,"9":0,"10":0,"11":0,"12":0,"13":0,"14":0,"15":0,"16":0,"17":0,"18":0,"19":0,"20":0,"21":0,"22":0,"23":0,"24":0,"25":0,"26":0,"27":0,"28":0,"29":0,"30":0,"31":0,"32":0,"33":0,"34":0,"35":0,"36":0,"37":0,"38":0,"39":0,"40":0,"41":0,"42":0,"43":0,"44":0,"45":0,"46":0,"47":0,"48":0,"49":0,"50":0,"51":0,"52":0,"53":0,"54":0,"55":0,"56":0,"57":0,"58":0,"59":0,"60":0,"61":0,"62":0,"63":0,"64":0,"65":0,"66":0,"67":0,"68":0,"69":0,"70":0,"71":0,"72":0,"73":0,"74":0,"75":0,"76":0,"77":0,"78":0,"79":0,"80":0,"81":0,"82":0,"83":0,"84":0,"85":0,"86":0,"87":0,"88":0,"89":0,"90":0,"91":0,"92":0,"93":0,"94":0},"b":{"1":[0,0],"2":[0,0],"3":[0,0],"4":[0,0],"5":[0,0],"6":[0,0],"7":[0,0],"8":[0,0],"9":[0,0],"10":[0,0],"11":[0,0],"12":[0,0],"13":[0,0],"14":[0,0],"15":[0,0],"16":[0,0],"17":[0,0],"18":[0,0],"19":[0,0],"20":[0,0],"21":[0,0],"22":[0,0]},"f":{"1":0,"2":0,"3":0,"4":0,"5":0,"6":0,"7":0,"8":0,"9":0,"10":0,"11":0,"12":0,"13":0,"14":0,"15":0,"16":0,"17":0,"18":0,"19":0,"20":0,"21":0,"22":0,"23":0,"24":0,"25":0,"26":0},"fnMap":{"1":{"name":"onlyWallet","line":33,"loc":{"start":{"line":33,"column":4},"end":{"line":33,"column":23}}},"2":{"name":"ownerDoesNotExist","line":39,"loc":{"start":{"line":39,"column":4},"end":{"line":39,"column":43}}},"3":{"name":"ownerExists","line":45,"loc":{"start":{"line":45,"column":4},"end":{"line":45,"column":37}}},"4":{"name":"transactionExists","line":51,"loc":{"start":{"line":51,"column":4},"end":{"line":51,"column":48}}},"5":{"name":"confirmed","line":57,"loc":{"start":{"line":57,"column":4},"end":{"line":57,"column":55}}},"6":{"name":"notConfirmed","line":63,"loc":{"start":{"line":63,"column":4},"end":{"line":63,"column":58}}},"7":{"name":"notExecuted","line":69,"loc":{"start":{"line":69,"column":4},"end":{"line":69,"column":42}}},"8":{"name":"notNull","line":75,"loc":{"start":{"line":75,"column":4},"end":{"line":75,"column":36}}},"9":{"name":"validRequirement","line":81,"loc":{"start":{"line":81,"column":4},"end":{"line":81,"column":60}}},"10":{"name":null,"line":91,"loc":{"start":{"line":91,"column":4},"end":{"line":93,"column":5}}},"11":{"name":"MultiSigWallet","line":104,"loc":{"start":{"line":104,"column":4},"end":{"line":107,"column":5}}},"12":{"name":"addOwner","line":119,"loc":{"start":{"line":119,"column":4},"end":{"line":125,"column":5}}},"13":{"name":"removeOwner","line":133,"loc":{"start":{"line":133,"column":4},"end":{"line":137,"column":5}}},"14":{"name":"replaceOwner","line":153,"loc":{"start":{"line":153,"column":4},"end":{"line":158,"column":5}}},"15":{"name":"changeRequirement","line":172,"loc":{"start":{"line":172,"column":4},"end":{"line":176,"column":5}}},"16":{"name":"submitTransaction","line":186,"loc":{"start":{"line":186,"column":4},"end":{"line":189,"column":5}}},"17":{"name":"confirmTransaction","line":196,"loc":{"start":{"line":196,"column":4},"end":{"line":201,"column":5}}},"18":{"name":"revokeConfirmation","line":209,"loc":{"start":{"line":209,"column":4},"end":{"line":214,"column":5}}},"19":{"name":"executeTransaction","line":221,"loc":{"start":{"line":221,"column":4},"end":{"line":224,"column":5}}},"20":{"name":"isConfirmed","line":240,"loc":{"start":{"line":240,"column":4},"end":{"line":244,"column":5}}},"21":{"name":"addTransaction","line":262,"loc":{"start":{"line":262,"column":4},"end":{"line":266,"column":5}}},"22":{"name":"getConfirmationCount","line":284,"loc":{"start":{"line":284,"column":4},"end":{"line":288,"column":5}}},"23":{"name":"getTransactionCount","line":298,"loc":{"start":{"line":298,"column":4},"end":{"line":302,"column":5}}},"24":{"name":"getOwners","line":311,"loc":{"start":{"line":311,"column":4},"end":{"line":315,"column":5}}},"25":{"name":"getConfirmations","line":322,"loc":{"start":{"line":322,"column":4},"end":{"line":326,"column":5}}},"26":{"name":"getTransactionIds","line":346,"loc":{"start":{"line":346,"column":4},"end":{"line":350,"column":5}}}},"statementMap":{"1":{"start":{"line":34,"column":8},"end":{"line":34,"column":1200}},"2":{"start":{"line":35,"column":12},"end":{"line":35,"column":17}},"3":{"start":{"line":40,"column":8},"end":{"line":40,"column":1326}},"4":{"start":{"line":41,"column":12},"end":{"line":41,"column":17}},"5":{"start":{"line":46,"column":8},"end":{"line":46,"column":1433}},"6":{"start":{"line":47,"column":12},"end":{"line":47,"column":17}},"7":{"start":{"line":52,"column":8},"end":{"line":52,"column":1552}},"8":{"start":{"line":53,"column":12},"end":{"line":53,"column":17}},"9":{"start":{"line":58,"column":8},"end":{"line":58,"column":1707}},"10":{"start":{"line":59,"column":12},"end":{"line":59,"column":17}},"11":{"start":{"line":64,"column":8},"end":{"line":64,"column":1857}},"12":{"start":{"line":65,"column":12},"end":{"line":65,"column":17}},"13":{"start":{"line":70,"column":8},"end":{"line":70,"column":1990}},"14":{"start":{"line":71,"column":12},"end":{"line":71,"column":17}},"15":{"start":{"line":76,"column":8},"end":{"line":76,"column":2118}},"16":{"start":{"line":77,"column":12},"end":{"line":77,"column":17}},"17":{"start":{"line":82,"column":8},"end":{"line":82,"column":2247}},"18":{"start":{"line":86,"column":12},"end":{"line":86,"column":17}},"19":{"start":{"line":94,"column":8},"end":{"line":94,"column":2546}},"20":{"start":{"line":95,"column":12},"end":{"line":95,"column":41}},"21":{"start":{"line":108,"column":8},"end":{"line":108,"column":2963}},"22":{"start":{"line":109,"column":12},"end":{"line":109,"column":3028}},"23":{"start":{"line":110,"column":16},"end":{"line":110,"column":21}},"24":{"start":{"line":111,"column":12},"end":{"line":111,"column":37}},"25":{"start":{"line":113,"column":8},"end":{"line":113,"column":23}},"26":{"start":{"line":114,"column":8},"end":{"line":114,"column":27}},"27":{"start":{"line":126,"column":8},"end":{"line":126,"column":28}},"28":{"start":{"line":128,"column":8},"end":{"line":128,"column":27}},"29":{"start":{"line":138,"column":8},"end":{"line":138,"column":29}},"30":{"start":{"line":139,"column":8},"end":{"line":139,"column":3867}},"31":{"start":{"line":140,"column":12},"end":{"line":140,"column":3920}},"32":{"start":{"line":141,"column":16},"end":{"line":141,"column":52}},"33":{"start":{"line":144,"column":8},"end":{"line":144,"column":25}},"34":{"start":{"line":145,"column":8},"end":{"line":145,"column":4106}},"35":{"start":{"line":146,"column":12},"end":{"line":146,"column":43}},"36":{"start":{"line":147,"column":8},"end":{"line":147,"column":26}},"37":{"start":{"line":159,"column":8},"end":{"line":159,"column":4549}},"38":{"start":{"line":160,"column":12},"end":{"line":160,"column":4598}},"39":{"start":{"line":161,"column":16},"end":{"line":161,"column":35}},"40":{"start":{"line":164,"column":8},"end":{"line":164,"column":29}},"41":{"start":{"line":165,"column":8},"end":{"line":165,"column":31}},"42":{"start":{"line":166,"column":8},"end":{"line":166,"column":26}},"43":{"start":{"line":167,"column":8},"end":{"line":167,"column":30}},"44":{"start":{"line":177,"column":8},"end":{"line":177,"column":27}},"45":{"start":{"line":178,"column":8},"end":{"line":178,"column":35}},"46":{"start":{"line":190,"column":8},"end":{"line":190,"column":63}},"47":{"start":{"line":191,"column":8},"end":{"line":191,"column":40}},"48":{"start":{"line":202,"column":8},"end":{"line":202,"column":54}},"49":{"start":{"line":203,"column":8},"end":{"line":203,"column":46}},"50":{"start":{"line":204,"column":8},"end":{"line":204,"column":40}},"51":{"start":{"line":215,"column":8},"end":{"line":215,"column":55}},"52":{"start":{"line":216,"column":8},"end":{"line":216,"column":44}},"53":{"start":{"line":225,"column":8},"end":{"line":225,"column":6800}},"54":{"start":{"line":226,"column":12},"end":{"line":226,"column":55}},"55":{"start":{"line":227,"column":12},"end":{"line":227,"column":29}},"56":{"start":{"line":228,"column":12},"end":{"line":228,"column":6940}},"57":{"start":{"line":229,"column":16},"end":{"line":229,"column":39}},"58":{"start":{"line":231,"column":16},"end":{"line":231,"column":46}},"59":{"start":{"line":232,"column":16},"end":{"line":232,"column":34}},"60":{"start":{"line":245,"column":8},"end":{"line":245,"column":21}},"61":{"start":{"line":246,"column":8},"end":{"line":246,"column":7447}},"62":{"start":{"line":247,"column":12},"end":{"line":247,"column":7516}},"63":{"start":{"line":248,"column":16},"end":{"line":248,"column":25}},"64":{"start":{"line":249,"column":12},"end":{"line":249,"column":7602}},"65":{"start":{"line":250,"column":16},"end":{"line":250,"column":27}},"66":{"start":{"line":267,"column":8},"end":{"line":267,"column":39}},"67":{"start":{"line":268,"column":8},"end":{"line":268,"column":8192}},"68":{"start":{"line":274,"column":8},"end":{"line":274,"column":28}},"69":{"start":{"line":275,"column":8},"end":{"line":275,"column":32}},"70":{"start":{"line":289,"column":8},"end":{"line":289,"column":8774}},"71":{"start":{"line":290,"column":12},"end":{"line":290,"column":8823}},"72":{"start":{"line":291,"column":16},"end":{"line":291,"column":25}},"73":{"start":{"line":303,"column":8},"end":{"line":303,"column":9296}},"74":{"start":{"line":304,"column":12},"end":{"line":304,"column":9348}},"75":{"start":{"line":306,"column":16},"end":{"line":306,"column":25}},"76":{"start":{"line":316,"column":8},"end":{"line":316,"column":21}},"77":{"start":{"line":327,"column":8},"end":{"line":327,"column":72}},"78":{"start":{"line":328,"column":8},"end":{"line":328,"column":21}},"79":{"start":{"line":330,"column":8},"end":{"line":330,"column":10096}},"80":{"start":{"line":331,"column":12},"end":{"line":331,"column":10140}},"81":{"start":{"line":332,"column":16},"end":{"line":332,"column":51}},"82":{"start":{"line":333,"column":16},"end":{"line":333,"column":25}},"83":{"start":{"line":335,"column":8},"end":{"line":335,"column":44}},"84":{"start":{"line":336,"column":8},"end":{"line":336,"column":10378}},"85":{"start":{"line":337,"column":12},"end":{"line":337,"column":51}},"86":{"start":{"line":351,"column":8},"end":{"line":351,"column":70}},"87":{"start":{"line":352,"column":8},"end":{"line":352,"column":21}},"88":{"start":{"line":354,"column":8},"end":{"line":354,"column":11046}},"89":{"start":{"line":355,"column":12},"end":{"line":355,"column":11093}},"90":{"start":{"line":358,"column":16},"end":{"line":358,"column":44}},"91":{"start":{"line":359,"column":16},"end":{"line":359,"column":25}},"92":{"start":{"line":361,"column":8},"end":{"line":361,"column":46}},"93":{"start":{"line":362,"column":8},"end":{"line":362,"column":11403}},"94":{"start":{"line":363,"column":12},"end":{"line":363,"column":60}}},"branchMap":{"1":{"line":34,"type":"if","locations":[{"start":{"line":34,"column":8},"end":{"line":34,"column":8}},{"start":{"line":34,"column":8},"end":{"line":34,"column":8}}]},"2":{"line":40,"type":"if","locations":[{"start":{"line":40,"column":8},"end":{"line":40,"column":8}},{"start":{"line":40,"column":8},"end":{"line":40,"column":8}}]},"3":{"line":46,"type":"if","locations":[{"start":{"line":46,"column":8},"end":{"line":46,"column":8}},{"start":{"line":46,"column":8},"end":{"line":46,"column":8}}]},"4":{"line":52,"type":"if","locations":[{"start":{"line":52,"column":8},"end":{"line":52,"column":8}},{"start":{"line":52,"column":8},"end":{"line":52,"column":8}}]},"5":{"line":58,"type":"if","locations":[{"start":{"line":58,"column":8},"end":{"line":58,"column":8}},{"start":{"line":58,"column":8},"end":{"line":58,"column":8}}]},"6":{"line":64,"type":"if","locations":[{"start":{"line":64,"column":8},"end":{"line":64,"column":8}},{"start":{"line":64,"column":8},"end":{"line":64,"column":8}}]},"7":{"line":70,"type":"if","locations":[{"start":{"line":70,"column":8},"end":{"line":70,"column":8}},{"start":{"line":70,"column":8},"end":{"line":70,"column":8}}]},"8":{"line":76,"type":"if","locations":[{"start":{"line":76,"column":8},"end":{"line":76,"column":8}},{"start":{"line":76,"column":8},"end":{"line":76,"column":8}}]},"9":{"line":82,"type":"if","locations":[{"start":{"line":82,"column":8},"end":{"line":82,"column":8}},{"start":{"line":82,"column":8},"end":{"line":82,"column":8}}]},"10":{"line":94,"type":"if","locations":[{"start":{"line":94,"column":8},"end":{"line":94,"column":8}},{"start":{"line":94,"column":8},"end":{"line":94,"column":8}}]},"11":{"line":109,"type":"if","locations":[{"start":{"line":109,"column":12},"end":{"line":109,"column":12}},{"start":{"line":109,"column":12},"end":{"line":109,"column":12}}]},"12":{"line":140,"type":"if","locations":[{"start":{"line":140,"column":12},"end":{"line":140,"column":12}},{"start":{"line":140,"column":12},"end":{"line":140,"column":12}}]},"13":{"line":145,"type":"if","locations":[{"start":{"line":145,"column":8},"end":{"line":145,"column":8}},{"start":{"line":145,"column":8},"end":{"line":145,"column":8}}]},"14":{"line":160,"type":"if","locations":[{"start":{"line":160,"column":12},"end":{"line":160,"column":12}},{"start":{"line":160,"column":12},"end":{"line":160,"column":12}}]},"15":{"line":225,"type":"if","locations":[{"start":{"line":225,"column":8},"end":{"line":225,"column":8}},{"start":{"line":225,"column":8},"end":{"line":225,"column":8}}]},"16":{"line":228,"type":"if","locations":[{"start":{"line":228,"column":12},"end":{"line":228,"column":12}},{"start":{"line":228,"column":12},"end":{"line":228,"column":12}}]},"17":{"line":247,"type":"if","locations":[{"start":{"line":247,"column":12},"end":{"line":247,"column":12}},{"start":{"line":247,"column":12},"end":{"line":247,"column":12}}]},"18":{"line":249,"type":"if","locations":[{"start":{"line":249,"column":12},"end":{"line":249,"column":12}},{"start":{"line":249,"column":12},"end":{"line":249,"column":12}}]},"19":{"line":290,"type":"if","locations":[{"start":{"line":290,"column":12},"end":{"line":290,"column":12}},{"start":{"line":290,"column":12},"end":{"line":290,"column":12}}]},"20":{"line":304,"type":"if","locations":[{"start":{"line":304,"column":12},"end":{"line":304,"column":12}},{"start":{"line":304,"column":12},"end":{"line":304,"column":12}}]},"21":{"line":331,"type":"if","locations":[{"start":{"line":331,"column":12},"end":{"line":331,"column":12}},{"start":{"line":331,"column":12},"end":{"line":331,"column":12}}]},"22":{"line":355,"type":"if","locations":[{"start":{"line":355,"column":12},"end":{"line":355,"column":12}},{"start":{"line":355,"column":12},"end":{"line":355,"column":12}}]}}},"contracts/ConvertLib.sol":{"l":{"6":1},"path":"/home/gabriel/audits/gifto/contracts/ConvertLib.sol","s":{"1":1},"b":{},"f":{"1":1},"fnMap":{"1":{"name":"convert","line":4,"loc":{"start":{"line":4,"column":1},"end":{"line":5,"column":2}}}},"statementMap":{"1":{"start":{"line":6,"column":2},"end":{"line":6,"column":32}}},"branchMap":{}},"contracts/Gifto_Test.sol":{"l":{"10":0,"21":0,"27":0,"34":0,"35":0,"56":0,"57":0,"62":0,"63":0,"66":0,"67":0,"70":0,"76":0,"77":0,"80":0,"81":0,"84":0,"90":0,"91":0,"93":0,"95":0,"97":0,"102":0,"103":0,"104":0,"107":0,"110":0,"113":0,"114":0,"117":0,"123":0,"124":0,"125":0,"128":0,"129":0,"130":0,"133":0,"134":0,"136":0,"137":0,"140":0,"141":0,"142":0,"145":0,"149":0,"150":0,"151":0,"154":0,"160":0,"161":0,"162":0,"164":0,"165":0,"166":0,"169":0,"171":0,"173":0,"176":0,"179":0,"180":0,"183":0,"189":0,"192":0,"194":0,"195":0,"196":0,"197":0,"201":0,"202":0,"205":0,"209":0,"211":0,"212":0,"213":0,"214":0,"218":0,"219":0,"222":0,"229":0,"230":0,"231":0,"234":0,"235":0,"238":0,"245":0,"246":0,"248":0,"251":0,"252":0,"254":0,"256":0,"257":0,"259":0,"261":0,"264":0,"271":0,"272":0,"273":0,"274":0,"275":0,"276":0,"277":0},"path":"/home/gabriel/audits/gifto/contracts/Gifto_Test.sol","s":{"1":0,"2":0,"3":0,"4":0,"5":0,"6":0,"7":0,"8":0,"9":0,"10":0,"11":0,"12":0,"13":0,"14":0,"15":0,"16":0,"17":0,"18":0,"19":0,"20":0,"21":0,"22":0,"23":0,"24":0,"25":0,"26":0,"27":0,"28":0,"29":0,"30":0,"31":0,"32":0,"33":0,"34":0,"35":0,"36":0,"37":0,"38":0,"39":0,"40":0,"41":0,"42":0,"43":0,"44":0,"45":0,"46":0,"47":0,"48":0,"49":0,"50":0,"51":0,"52":0,"53":0,"54":0,"55":0,"56":0,"57":0,"58":0,"59":0,"60":0,"61":0,"62":0,"63":0,"64":0,"65":0,"66":0,"67":0,"68":0,"69":0,"70":0,"71":0,"72":0,"73":0,"74":0,"75":0,"76":0,"77":0,"78":0,"79":0,"80":0,"81":0,"82":0,"83":0,"84":0,"85":0,"86":0,"87":0,"88":0,"89":0,"90":0},"b":{"1":[0,0],"2":[0,0],"3":[0,0],"4":[0,0],"5":[0,0],"6":[0,0],"7":[0,0],"8":[0,0],"9":[0,0],"10":[0,0],"11":[0,0],"12":[0,0],"13":[0,0],"14":[0,0],"15":[0,0],"16":[0,0],"17":[0,0]},"f":{"1":0,"2":0,"3":0,"4":0,"5":0,"6":0,"7":0,"8":0,"9":0,"10":0,"11":0,"12":0,"13":0,"14":0,"15":0,"16":0},"fnMap":{"1":{"name":"User","line":9,"loc":{"start":{"line":9,"column":4},"end":{"line":9,"column":28}}},"2":{"name":null,"line":13,"loc":{"start":{"line":13,"column":4},"end":{"line":15,"column":13}}},"3":{"name":"deposit","line":18,"loc":{"start":{"line":18,"column":4},"end":{"line":20,"column":11}}},"4":{"name":"do_Transfer","line":24,"loc":{"start":{"line":24,"column":4},"end":{"line":26,"column":18}}},"5":{"name":"sendETHtoGifto","line":30,"loc":{"start":{"line":30,"column":4},"end":{"line":33,"column":5}}},"6":{"name":"createGifto","line":54,"loc":{"start":{"line":54,"column":4},"end":{"line":55,"column":12}}},"7":{"name":"test_turnOnSale","line":60,"loc":{"start":{"line":60,"column":4},"end":{"line":61,"column":11}}},"8":{"name":"test_turnOffSale","line":74,"loc":{"start":{"line":74,"column":4},"end":{"line":75,"column":12}}},"9":{"name":"test_sendTransaction","line":88,"loc":{"start":{"line":88,"column":4},"end":{"line":89,"column":14}}},"10":{"name":"test_transferWithoutTradable","line":100,"loc":{"start":{"line":100,"column":4},"end":{"line":101,"column":12}}},"11":{"name":"test_tranferWithTradable","line":121,"loc":{"start":{"line":121,"column":4},"end":{"line":122,"column":11}}},"12":{"name":"test_transferFromOwner_WithoutTradable","line":158,"loc":{"start":{"line":158,"column":4},"end":{"line":159,"column":12}}},"13":{"name":"test_addInvestor","line":187,"loc":{"start":{"line":187,"column":4},"end":{"line":188,"column":12}}},"14":{"name":"test_turnOnTradable","line":227,"loc":{"start":{"line":227,"column":4},"end":{"line":228,"column":11}}},"15":{"name":"test_setPrice","line":243,"loc":{"start":{"line":243,"column":4},"end":{"line":244,"column":12}}},"16":{"name":"allTest","line":270,"loc":{"start":{"line":270,"column":4},"end":{"line":270,"column":19}}}},"statementMap":{"1":{"start":{"line":10,"column":8},"end":{"line":10,"column":21}},"2":{"start":{"line":21,"column":8},"end":{"line":21,"column":37}},"3":{"start":{"line":27,"column":8},"end":{"line":27,"column":41}},"4":{"start":{"line":34,"column":8},"end":{"line":34,"column":44}},"5":{"start":{"line":35,"column":8},"end":{"line":35,"column":39}},"6":{"start":{"line":56,"column":8},"end":{"line":56,"column":26}},"7":{"start":{"line":57,"column":8},"end":{"line":57,"column":35}},"8":{"start":{"line":63,"column":8},"end":{"line":63,"column":39}},"9":{"start":{"line":66,"column":8},"end":{"line":66,"column":1608}},"10":{"start":{"line":67,"column":12},"end":{"line":67,"column":47}},"11":{"start":{"line":70,"column":12},"end":{"line":70,"column":50}},"12":{"start":{"line":77,"column":8},"end":{"line":77,"column":39}},"13":{"start":{"line":80,"column":8},"end":{"line":80,"column":1960}},"14":{"start":{"line":81,"column":12},"end":{"line":81,"column":48}},"15":{"start":{"line":84,"column":12},"end":{"line":84,"column":49}},"16":{"start":{"line":90,"column":8},"end":{"line":90,"column":35}},"17":{"start":{"line":91,"column":8},"end":{"line":91,"column":35}},"18":{"start":{"line":93,"column":8},"end":{"line":93,"column":37}},"19":{"start":{"line":102,"column":8},"end":{"line":102,"column":2547}},"20":{"start":{"line":103,"column":12},"end":{"line":103,"column":61}},"21":{"start":{"line":104,"column":12},"end":{"line":104,"column":18}},"22":{"start":{"line":107,"column":8},"end":{"line":107,"column":79}},"23":{"start":{"line":110,"column":8},"end":{"line":110,"column":32}},"24":{"start":{"line":113,"column":8},"end":{"line":113,"column":2999}},"25":{"start":{"line":114,"column":12},"end":{"line":114,"column":58}},"26":{"start":{"line":117,"column":12},"end":{"line":117,"column":55}},"27":{"start":{"line":123,"column":8},"end":{"line":123,"column":3245}},"28":{"start":{"line":124,"column":12},"end":{"line":124,"column":142}},"29":{"start":{"line":128,"column":8},"end":{"line":128,"column":3494}},"30":{"start":{"line":129,"column":12},"end":{"line":129,"column":102}},"31":{"start":{"line":130,"column":12},"end":{"line":130,"column":18}},"32":{"start":{"line":133,"column":8},"end":{"line":133,"column":35}},"33":{"start":{"line":134,"column":8},"end":{"line":134,"column":35}},"34":{"start":{"line":136,"column":8},"end":{"line":136,"column":50}},"35":{"start":{"line":140,"column":8},"end":{"line":140,"column":95}},"36":{"start":{"line":141,"column":8},"end":{"line":141,"column":4084}},"37":{"start":{"line":142,"column":12},"end":{"line":142,"column":57}},"38":{"start":{"line":145,"column":12},"end":{"line":145,"column":60}},"39":{"start":{"line":149,"column":8},"end":{"line":149,"column":91}},"40":{"start":{"line":150,"column":8},"end":{"line":150,"column":4476}},"41":{"start":{"line":151,"column":12},"end":{"line":151,"column":58}},"42":{"start":{"line":154,"column":12},"end":{"line":154,"column":53}},"43":{"start":{"line":160,"column":8},"end":{"line":160,"column":4778}},"44":{"start":{"line":161,"column":12},"end":{"line":161,"column":68}},"45":{"start":{"line":162,"column":12},"end":{"line":162,"column":18}},"46":{"start":{"line":164,"column":8},"end":{"line":164,"column":4914}},"47":{"start":{"line":165,"column":12},"end":{"line":165,"column":86}},"48":{"start":{"line":166,"column":12},"end":{"line":166,"column":18}},"49":{"start":{"line":169,"column":8},"end":{"line":169,"column":33}},"50":{"start":{"line":171,"column":8},"end":{"line":171,"column":38}},"51":{"start":{"line":176,"column":8},"end":{"line":176,"column":60}},"52":{"start":{"line":179,"column":8},"end":{"line":179,"column":5494}},"53":{"start":{"line":180,"column":12},"end":{"line":180,"column":70}},"54":{"start":{"line":183,"column":12},"end":{"line":183,"column":68}},"55":{"start":{"line":192,"column":8},"end":{"line":192,"column":43}},"56":{"start":{"line":194,"column":8},"end":{"line":194,"column":5909}},"57":{"start":{"line":195,"column":12},"end":{"line":195,"column":5977}},"58":{"start":{"line":196,"column":16},"end":{"line":196,"column":47}},"59":{"start":{"line":201,"column":8},"end":{"line":201,"column":6145}},"60":{"start":{"line":202,"column":12},"end":{"line":202,"column":84}},"61":{"start":{"line":205,"column":12},"end":{"line":205,"column":96}},"62":{"start":{"line":209,"column":8},"end":{"line":209,"column":46}},"63":{"start":{"line":211,"column":8},"end":{"line":211,"column":6517}},"64":{"start":{"line":212,"column":12},"end":{"line":212,"column":6580}},"65":{"start":{"line":213,"column":16},"end":{"line":213,"column":50}},"66":{"start":{"line":218,"column":8},"end":{"line":218,"column":6753}},"67":{"start":{"line":219,"column":12},"end":{"line":219,"column":61}},"68":{"start":{"line":222,"column":12},"end":{"line":222,"column":63}},"69":{"start":{"line":229,"column":8},"end":{"line":229,"column":48}},"70":{"start":{"line":231,"column":8},"end":{"line":231,"column":39}},"71":{"start":{"line":234,"column":8},"end":{"line":234,"column":7246}},"72":{"start":{"line":235,"column":12},"end":{"line":235,"column":50}},"73":{"start":{"line":238,"column":12},"end":{"line":238,"column":51}},"74":{"start":{"line":245,"column":8},"end":{"line":245,"column":26}},"75":{"start":{"line":246,"column":8},"end":{"line":246,"column":35}},"76":{"start":{"line":248,"column":8},"end":{"line":248,"column":37}},"77":{"start":{"line":251,"column":8},"end":{"line":251,"column":51}},"78":{"start":{"line":252,"column":8},"end":{"line":252,"column":68}},"79":{"start":{"line":256,"column":8},"end":{"line":256,"column":63}},"80":{"start":{"line":257,"column":8},"end":{"line":257,"column":51}},"81":{"start":{"line":259,"column":8},"end":{"line":259,"column":7990}},"82":{"start":{"line":261,"column":12},"end":{"line":261,"column":53}},"83":{"start":{"line":264,"column":12},"end":{"line":264,"column":53}},"84":{"start":{"line":271,"column":8},"end":{"line":271,"column":20}},"85":{"start":{"line":272,"column":8},"end":{"line":272,"column":25}},"86":{"start":{"line":273,"column":8},"end":{"line":273,"column":22}},"87":{"start":{"line":274,"column":8},"end":{"line":274,"column":24}},"88":{"start":{"line":275,"column":8},"end":{"line":275,"column":47}},"89":{"start":{"line":276,"column":8},"end":{"line":276,"column":37}},"90":{"start":{"line":277,"column":8},"end":{"line":277,"column":33}}},"branchMap":{"1":{"line":66,"type":"if","locations":[{"start":{"line":66,"column":8},"end":{"line":66,"column":8}},{"start":{"line":66,"column":8},"end":{"line":66,"column":8}}]},"2":{"line":80,"type":"if","locations":[{"start":{"line":80,"column":8},"end":{"line":80,"column":8}},{"start":{"line":80,"column":8},"end":{"line":80,"column":8}}]},"3":{"line":102,"type":"if","locations":[{"start":{"line":102,"column":8},"end":{"line":102,"column":8}},{"start":{"line":102,"column":8},"end":{"line":102,"column":8}}]},"4":{"line":113,"type":"if","locations":[{"start":{"line":113,"column":8},"end":{"line":113,"column":8}},{"start":{"line":113,"column":8},"end":{"line":113,"column":8}}]},"5":{"line":123,"type":"if","locations":[{"start":{"line":123,"column":8},"end":{"line":123,"column":8}},{"start":{"line":123,"column":8},"end":{"line":123,"column":8}}]},"6":{"line":128,"type":"if","locations":[{"start":{"line":128,"column":8},"end":{"line":128,"column":8}},{"start":{"line":128,"column":8},"end":{"line":128,"column":8}}]},"7":{"line":141,"type":"if","locations":[{"start":{"line":141,"column":8},"end":{"line":141,"column":8}},{"start":{"line":141,"column":8},"end":{"line":141,"column":8}}]},"8":{"line":150,"type":"if","locations":[{"start":{"line":150,"column":8},"end":{"line":150,"column":8}},{"start":{"line":150,"column":8},"end":{"line":150,"column":8}}]},"9":{"line":160,"type":"if","locations":[{"start":{"line":160,"column":8},"end":{"line":160,"column":8}},{"start":{"line":160,"column":8},"end":{"line":160,"column":8}}]},"10":{"line":164,"type":"if","locations":[{"start":{"line":164,"column":8},"end":{"line":164,"column":8}},{"start":{"line":164,"column":8},"end":{"line":164,"column":8}}]},"11":{"line":179,"type":"if","locations":[{"start":{"line":179,"column":8},"end":{"line":179,"column":8}},{"start":{"line":179,"column":8},"end":{"line":179,"column":8}}]},"12":{"line":195,"type":"if","locations":[{"start":{"line":195,"column":12},"end":{"line":195,"column":12}},{"start":{"line":195,"column":12},"end":{"line":195,"column":12}}]},"13":{"line":201,"type":"if","locations":[{"start":{"line":201,"column":8},"end":{"line":201,"column":8}},{"start":{"line":201,"column":8},"end":{"line":201,"column":8}}]},"14":{"line":212,"type":"if","locations":[{"start":{"line":212,"column":12},"end":{"line":212,"column":12}},{"start":{"line":212,"column":12},"end":{"line":212,"column":12}}]},"15":{"line":218,"type":"if","locations":[{"start":{"line":218,"column":8},"end":{"line":218,"column":8}},{"start":{"line":218,"column":8},"end":{"line":218,"column":8}}]},"16":{"line":234,"type":"if","locations":[{"start":{"line":234,"column":8},"end":{"line":234,"column":8}},{"start":{"line":234,"column":8},"end":{"line":234,"column":8}}]},"17":{"line":259,"type":"if","locations":[{"start":{"line":259,"column":8},"end":{"line":259,"column":8}},{"start":{"line":259,"column":8},"end":{"line":259,"column":8}}]}}},"contracts/Gifto.sol":{"l":{"83":3,"84":3,"92":0,"93":0,"100":0,"101":0,"111":0,"113":0,"120":0,"121":0,"128":0,"138":0,"139":0,"141":0,"142":0,"145":0,"148":0,"149":0,"150":0,"154":0,"155":0,"161":3,"162":3,"163":3,"164":3,"172":0,"178":0,"184":0,"190":0,"198":0,"199":0,"207":0,"215":3,"216":3,"221":3,"230":0,"238":0,"247":0,"255":0,"256":0,"265":0,"266":0,"281":0,"285":0,"286":0,"287":0,"288":0,"290":0,"308":0,"312":0,"313":0,"314":0,"315":0,"316":0,"318":0,"328":0,"329":0,"330":0,"337":0,"345":0,"382":0,"383":0,"384":0,"388":0,"389":0,"390":0,"394":0,"395":0,"396":0,"400":0,"401":0,"402":0,"406":0,"407":0,"408":0,"412":0,"413":0,"414":0,"418":0,"419":0,"420":0,"424":0,"425":0,"426":0,"430":0,"434":0,"435":0,"442":0,"443":0,"456":0,"457":0,"458":0,"459":0,"461":0,"462":0,"474":0,"475":0,"476":0,"486":0,"487":0,"488":0,"489":0,"490":0,"492":0,"493":0,"494":0,"495":0,"507":0,"508":0,"509":0,"510":0,"512":0,"513":0,"514":0,"515":0,"525":0,"526":0,"538":0,"539":0,"550":0,"551":0,"552":0,"563":0,"564":0,"573":0,"574":0,"575":0,"576":0,"577":0,"579":0,"580":0,"592":0,"593":0,"594":0,"595":0,"596":0,"597":0,"614":0,"615":0,"621":0,"622":0,"635":0,"636":0,"637":0,"648":0,"649":0,"651":0,"660":0,"670":0,"671":0,"672":0,"673":0,"674":0,"675":0,"676":0,"678":0,"679":0,"680":0,"693":0,"694":0,"695":0,"696":0,"697":0,"700":0,"701":0,"703":0,"704":0,"705":0,"713":0,"714":0,"715":0},"path":"/home/gabriel/audits/gifto/contracts/Gifto.sol","s":{"1":3,"2":0,"3":0,"4":0,"5":0,"6":0,"7":0,"8":0,"9":0,"10":0,"11":0,"12":0,"13":0,"14":0,"15":0,"16":3,"17":3,"18":3,"19":3,"20":0,"21":0,"22":0,"23":0,"24":0,"25":0,"26":0,"27":3,"28":3,"29":3,"30":0,"31":0,"32":0,"33":0,"34":0,"35":0,"36":0,"37":0,"38":0,"39":0,"40":0,"41":0,"42":0,"43":0,"44":0,"45":0,"46":0,"47":0,"48":0,"49":0,"50":0,"51":0,"52":0,"53":0,"54":0,"55":0,"56":0,"57":0,"58":0,"59":0,"60":0,"61":0,"62":0,"63":0,"64":0,"65":0,"66":0,"67":0,"68":0,"69":0,"70":0,"71":0,"72":0,"73":0,"74":0,"75":0,"76":0,"77":0,"78":0,"79":0,"80":0,"81":0,"82":0,"83":0,"84":0,"85":0,"86":0,"87":0,"88":0,"89":0,"90":0,"91":0,"92":0,"93":0,"94":0,"95":0,"96":0,"97":0,"98":0,"99":0,"100":0,"101":0,"102":0,"103":0,"104":0,"105":0,"106":0,"107":0,"108":0,"109":0,"110":0,"111":0,"112":0,"113":0,"114":0,"115":0,"116":0,"117":0,"118":0,"119":0,"120":0,"121":0,"122":0,"123":0,"124":0,"125":0,"126":0,"127":0,"128":0,"129":0,"130":0,"131":0,"132":0,"133":0,"134":0,"135":0,"136":0,"137":0,"138":0,"139":0,"140":0,"141":0,"142":0,"143":0,"144":0,"145":0,"146":0,"147":0,"148":0,"149":0,"150":0,"151":0},"b":{"1":[3,0],"2":[0,0],"3":[0,0],"4":[0,0],"5":[0,0],"6":[0,0],"7":[0,0],"8":[3,0],"9":[0,0],"10":[0,0],"11":[0,0],"12":[0,0],"13":[0,0],"14":[0,0],"15":[0,0],"16":[0,0],"17":[0,0],"18":[0,0],"19":[0,0],"20":[0,0],"21":[0,0],"22":[0,0],"23":[0,0],"24":[0,0],"25":[0,0],"26":[0,0],"27":[0,0],"28":[0,0],"29":[0,0],"30":[0,0],"31":[0,0],"32":[0,0],"33":[0,0]},"f":{"1":3,"2":0,"3":0,"4":0,"5":0,"6":0,"7":0,"8":3,"9":0,"10":0,"11":0,"12":0,"13":0,"14":0,"15":3,"16":0,"17":0,"18":0,"19":0,"20":0,"21":0,"22":0,"23":0,"24":0,"25":0,"26":0,"27":0,"28":0,"29":0,"30":0,"31":0,"32":0,"33":0,"34":0,"35":0,"36":0,"37":0,"38":0,"39":0,"40":0,"41":0,"42":0,"43":0,"44":0,"45":0,"46":0,"47":0,"48":0,"49":0,"50":0,"51":0,"52":0},"fnMap":{"1":{"name":"onlyOwner","line":82,"loc":{"start":{"line":82,"column":4},"end":{"line":82,"column":22}}},"2":{"name":"onSale","line":91,"loc":{"start":{"line":91,"column":4},"end":{"line":91,"column":19}}},"3":{"name":"validInvestor","line":99,"loc":{"start":{"line":99,"column":4},"end":{"line":99,"column":26}}},"4":{"name":"validValue","line":109,"loc":{"start":{"line":109,"column":4},"end":{"line":109,"column":22}}},"5":{"name":"isTradable","line":119,"loc":{"start":{"line":119,"column":4},"end":{"line":119,"column":22}}},"6":{"name":null,"line":125,"loc":{"start":{"line":125,"column":4},"end":{"line":127,"column":17}}},"7":{"name":"buyGifto","line":132,"loc":{"start":{"line":132,"column":4},"end":{"line":137,"column":23}}},"8":{"name":"Gifto","line":159,"loc":{"start":{"line":159,"column":4},"end":{"line":160,"column":16}}},"9":{"name":"totalSupply","line":169,"loc":{"start":{"line":169,"column":4},"end":{"line":172,"column":27}}},"10":{"name":"turnOnSale","line":177,"loc":{"start":{"line":177,"column":4},"end":{"line":178,"column":16}}},"11":{"name":"turnOffSale","line":183,"loc":{"start":{"line":183,"column":4},"end":{"line":184,"column":16}}},"12":{"name":"turnOnTradable","line":188,"loc":{"start":{"line":188,"column":4},"end":{"line":190,"column":18}}},"13":{"name":"setIcoPercent","line":196,"loc":{"start":{"line":196,"column":4},"end":{"line":198,"column":19}}},"14":{"name":"setMaximumBuy","line":205,"loc":{"start":{"line":205,"column":4},"end":{"line":207,"column":19}}},"15":{"name":"setBuyPrice","line":213,"loc":{"start":{"line":213,"column":4},"end":{"line":215,"column":16}}},"16":{"name":"balanceOf","line":228,"loc":{"start":{"line":228,"column":4},"end":{"line":231,"column":27}}},"17":{"name":"isApprovedInvestor","line":237,"loc":{"start":{"line":237,"column":4},"end":{"line":240,"column":24}}},"18":{"name":"getDeposit","line":247,"loc":{"start":{"line":247,"column":4},"end":{"line":250,"column":25}}},"19":{"name":"addInvestorList","line":256,"loc":{"start":{"line":256,"column":4},"end":{"line":258,"column":16}}},"20":{"name":"removeInvestorList","line":266,"loc":{"start":{"line":266,"column":4},"end":{"line":268,"column":16}}},"21":{"name":"transfer","line":278,"loc":{"start":{"line":278,"column":4},"end":{"line":281,"column":24}}},"22":{"name":"transferFrom","line":304,"loc":{"start":{"line":304,"column":4},"end":{"line":311,"column":28}}},"23":{"name":"approve","line":328,"loc":{"start":{"line":328,"column":4},"end":{"line":331,"column":32}}},"24":{"name":"allowance","line":338,"loc":{"start":{"line":338,"column":4},"end":{"line":341,"column":37}}},"25":{"name":"withdraw","line":347,"loc":{"start":{"line":347,"column":4},"end":{"line":349,"column":24}}},"26":{"name":"onlyWallet","line":386,"loc":{"start":{"line":386,"column":4},"end":{"line":386,"column":23}}},"27":{"name":"ownerDoesNotExist","line":392,"loc":{"start":{"line":392,"column":4},"end":{"line":392,"column":43}}},"28":{"name":"ownerExists","line":398,"loc":{"start":{"line":398,"column":4},"end":{"line":398,"column":37}}},"29":{"name":"transactionExists","line":404,"loc":{"start":{"line":404,"column":4},"end":{"line":404,"column":48}}},"30":{"name":"confirmed","line":410,"loc":{"start":{"line":410,"column":4},"end":{"line":410,"column":55}}},"31":{"name":"notConfirmed","line":416,"loc":{"start":{"line":416,"column":4},"end":{"line":416,"column":58}}},"32":{"name":"notExecuted","line":422,"loc":{"start":{"line":422,"column":4},"end":{"line":422,"column":42}}},"33":{"name":"notNull","line":428,"loc":{"start":{"line":428,"column":4},"end":{"line":428,"column":36}}},"34":{"name":"validRequirement","line":434,"loc":{"start":{"line":434,"column":4},"end":{"line":434,"column":60}}},"35":{"name":null,"line":444,"loc":{"start":{"line":444,"column":4},"end":{"line":446,"column":5}}},"36":{"name":"MultiSigWallet","line":457,"loc":{"start":{"line":457,"column":4},"end":{"line":460,"column":5}}},"37":{"name":"addOwner","line":472,"loc":{"start":{"line":472,"column":4},"end":{"line":478,"column":5}}},"38":{"name":"removeOwner","line":486,"loc":{"start":{"line":486,"column":4},"end":{"line":490,"column":5}}},"39":{"name":"replaceOwner","line":506,"loc":{"start":{"line":506,"column":4},"end":{"line":511,"column":5}}},"40":{"name":"changeRequirement","line":525,"loc":{"start":{"line":525,"column":4},"end":{"line":529,"column":5}}},"41":{"name":"submitTransaction","line":539,"loc":{"start":{"line":539,"column":4},"end":{"line":542,"column":5}}},"42":{"name":"confirmTransaction","line":549,"loc":{"start":{"line":549,"column":4},"end":{"line":554,"column":5}}},"43":{"name":"revokeConfirmation","line":562,"loc":{"start":{"line":562,"column":4},"end":{"line":567,"column":5}}},"44":{"name":"executeTransaction","line":574,"loc":{"start":{"line":574,"column":4},"end":{"line":577,"column":5}}},"45":{"name":"isConfirmed","line":593,"loc":{"start":{"line":593,"column":4},"end":{"line":597,"column":5}}},"46":{"name":"addTransaction","line":615,"loc":{"start":{"line":615,"column":4},"end":{"line":619,"column":5}}},"47":{"name":"getConfirmationCount","line":637,"loc":{"start":{"line":637,"column":4},"end":{"line":641,"column":5}}},"48":{"name":"getTransactionCount","line":651,"loc":{"start":{"line":651,"column":4},"end":{"line":655,"column":5}}},"49":{"name":"getOwners","line":664,"loc":{"start":{"line":664,"column":4},"end":{"line":668,"column":5}}},"50":{"name":"getConfirmations","line":675,"loc":{"start":{"line":675,"column":4},"end":{"line":679,"column":5}}},"51":{"name":"getTransactionIds","line":699,"loc":{"start":{"line":699,"column":4},"end":{"line":703,"column":5}}},"52":{"name":"createCoin","line":720,"loc":{"start":{"line":720,"column":4},"end":{"line":723,"column":5}}}},"statementMap":{"1":{"start":{"line":83,"column":8},"end":{"line":83,"column":35}},"2":{"start":{"line":92,"column":8},"end":{"line":92,"column":24}},"3":{"start":{"line":100,"column":8},"end":{"line":100,"column":48}},"4":{"start":{"line":111,"column":8},"end":{"line":111,"column":3743}},"5":{"start":{"line":120,"column":8},"end":{"line":120,"column":55}},"6":{"start":{"line":128,"column":8},"end":{"line":128,"column":17}},"7":{"start":{"line":138,"column":8},"end":{"line":138,"column":72}},"8":{"start":{"line":139,"column":8},"end":{"line":139,"column":49}},"9":{"start":{"line":141,"column":8},"end":{"line":141,"column":40}},"10":{"start":{"line":142,"column":8},"end":{"line":142,"column":45}},"11":{"start":{"line":145,"column":8},"end":{"line":145,"column":39}},"12":{"start":{"line":148,"column":8},"end":{"line":148,"column":39}},"13":{"start":{"line":149,"column":8},"end":{"line":149,"column":4704}},"14":{"start":{"line":150,"column":12},"end":{"line":150,"column":27}},"15":{"start":{"line":154,"column":8},"end":{"line":154,"column":50}},"16":{"start":{"line":161,"column":8},"end":{"line":161,"column":25}},"17":{"start":{"line":162,"column":8},"end":{"line":162,"column":37}},"18":{"start":{"line":163,"column":8},"end":{"line":163,"column":37}},"19":{"start":{"line":164,"column":8},"end":{"line":164,"column":41}},"20":{"start":{"line":173,"column":8},"end":{"line":173,"column":27}},"21":{"start":{"line":179,"column":8},"end":{"line":179,"column":22}},"22":{"start":{"line":185,"column":8},"end":{"line":185,"column":23}},"23":{"start":{"line":191,"column":8},"end":{"line":191,"column":22}},"24":{"start":{"line":199,"column":8},"end":{"line":199,"column":34}},"25":{"start":{"line":200,"column":8},"end":{"line":200,"column":52}},"26":{"start":{"line":208,"column":8},"end":{"line":208,"column":34}},"27":{"start":{"line":216,"column":8},"end":{"line":216,"column":29}},"28":{"start":{"line":217,"column":8},"end":{"line":217,"column":38}},"29":{"start":{"line":222,"column":8},"end":{"line":222,"column":60}},"30":{"start":{"line":232,"column":8},"end":{"line":232,"column":30}},"31":{"start":{"line":241,"column":8},"end":{"line":241,"column":42}},"32":{"start":{"line":251,"column":8},"end":{"line":251,"column":29}},"33":{"start":{"line":259,"column":8},"end":{"line":259,"column":7777}},"34":{"start":{"line":260,"column":12},"end":{"line":260,"column":58}},"35":{"start":{"line":269,"column":8},"end":{"line":269,"column":8131}},"36":{"start":{"line":270,"column":12},"end":{"line":270,"column":56}},"37":{"start":{"line":285,"column":8},"end":{"line":285,"column":8701}},"38":{"start":{"line":289,"column":12},"end":{"line":289,"column":42}},"39":{"start":{"line":290,"column":12},"end":{"line":290,"column":35}},"40":{"start":{"line":291,"column":12},"end":{"line":291,"column":45}},"41":{"start":{"line":292,"column":12},"end":{"line":292,"column":23}},"42":{"start":{"line":294,"column":12},"end":{"line":294,"column":24}},"43":{"start":{"line":312,"column":8},"end":{"line":312,"column":9694}},"44":{"start":{"line":316,"column":12},"end":{"line":316,"column":37}},"45":{"start":{"line":317,"column":12},"end":{"line":317,"column":48}},"46":{"start":{"line":318,"column":12},"end":{"line":318,"column":35}},"47":{"start":{"line":319,"column":12},"end":{"line":319,"column":40}},"48":{"start":{"line":320,"column":12},"end":{"line":320,"column":23}},"49":{"start":{"line":322,"column":12},"end":{"line":322,"column":24}},"50":{"start":{"line":332,"column":8},"end":{"line":332,"column":46}},"51":{"start":{"line":333,"column":8},"end":{"line":333,"column":46}},"52":{"start":{"line":334,"column":8},"end":{"line":334,"column":19}},"53":{"start":{"line":342,"column":8},"end":{"line":342,"column":40}},"54":{"start":{"line":350,"column":8},"end":{"line":350,"column":39}},"55":{"start":{"line":387,"column":8},"end":{"line":387,"column":12209}},"56":{"start":{"line":388,"column":12},"end":{"line":388,"column":19}},"57":{"start":{"line":393,"column":8},"end":{"line":393,"column":12338}},"58":{"start":{"line":394,"column":12},"end":{"line":394,"column":19}},"59":{"start":{"line":399,"column":8},"end":{"line":399,"column":12448}},"60":{"start":{"line":400,"column":12},"end":{"line":400,"column":19}},"61":{"start":{"line":405,"column":8},"end":{"line":405,"column":12570}},"62":{"start":{"line":406,"column":12},"end":{"line":406,"column":19}},"63":{"start":{"line":411,"column":8},"end":{"line":411,"column":12728}},"64":{"start":{"line":412,"column":12},"end":{"line":412,"column":19}},"65":{"start":{"line":417,"column":8},"end":{"line":417,"column":12881}},"66":{"start":{"line":418,"column":12},"end":{"line":418,"column":19}},"67":{"start":{"line":423,"column":8},"end":{"line":423,"column":13017}},"68":{"start":{"line":424,"column":12},"end":{"line":424,"column":19}},"69":{"start":{"line":429,"column":8},"end":{"line":429,"column":13148}},"70":{"start":{"line":430,"column":12},"end":{"line":430,"column":19}},"71":{"start":{"line":435,"column":8},"end":{"line":435,"column":13280}},"72":{"start":{"line":439,"column":12},"end":{"line":439,"column":19}},"73":{"start":{"line":447,"column":8},"end":{"line":447,"column":13579}},"74":{"start":{"line":448,"column":12},"end":{"line":448,"column":41}},"75":{"start":{"line":461,"column":8},"end":{"line":461,"column":13996}},"76":{"start":{"line":462,"column":12},"end":{"line":462,"column":14064}},"77":{"start":{"line":463,"column":16},"end":{"line":463,"column":23}},"78":{"start":{"line":464,"column":12},"end":{"line":464,"column":37}},"79":{"start":{"line":466,"column":8},"end":{"line":466,"column":23}},"80":{"start":{"line":467,"column":8},"end":{"line":467,"column":27}},"81":{"start":{"line":479,"column":8},"end":{"line":479,"column":28}},"82":{"start":{"line":481,"column":8},"end":{"line":481,"column":27}},"83":{"start":{"line":491,"column":8},"end":{"line":491,"column":29}},"84":{"start":{"line":492,"column":8},"end":{"line":492,"column":14903}},"85":{"start":{"line":493,"column":12},"end":{"line":493,"column":14956}},"86":{"start":{"line":494,"column":16},"end":{"line":494,"column":52}},"87":{"start":{"line":497,"column":8},"end":{"line":497,"column":25}},"88":{"start":{"line":498,"column":8},"end":{"line":498,"column":15142}},"89":{"start":{"line":499,"column":12},"end":{"line":499,"column":43}},"90":{"start":{"line":500,"column":8},"end":{"line":500,"column":26}},"91":{"start":{"line":512,"column":8},"end":{"line":512,"column":15585}},"92":{"start":{"line":513,"column":12},"end":{"line":513,"column":15634}},"93":{"start":{"line":514,"column":16},"end":{"line":514,"column":35}},"94":{"start":{"line":517,"column":8},"end":{"line":517,"column":29}},"95":{"start":{"line":518,"column":8},"end":{"line":518,"column":31}},"96":{"start":{"line":519,"column":8},"end":{"line":519,"column":26}},"97":{"start":{"line":520,"column":8},"end":{"line":520,"column":30}},"98":{"start":{"line":530,"column":8},"end":{"line":530,"column":27}},"99":{"start":{"line":531,"column":8},"end":{"line":531,"column":35}},"100":{"start":{"line":543,"column":8},"end":{"line":543,"column":63}},"101":{"start":{"line":544,"column":8},"end":{"line":544,"column":40}},"102":{"start":{"line":555,"column":8},"end":{"line":555,"column":54}},"103":{"start":{"line":556,"column":8},"end":{"line":556,"column":46}},"104":{"start":{"line":557,"column":8},"end":{"line":557,"column":40}},"105":{"start":{"line":568,"column":8},"end":{"line":568,"column":55}},"106":{"start":{"line":569,"column":8},"end":{"line":569,"column":44}},"107":{"start":{"line":578,"column":8},"end":{"line":578,"column":17836}},"108":{"start":{"line":579,"column":12},"end":{"line":579,"column":55}},"109":{"start":{"line":580,"column":12},"end":{"line":580,"column":29}},"110":{"start":{"line":581,"column":12},"end":{"line":581,"column":17976}},"111":{"start":{"line":582,"column":16},"end":{"line":582,"column":39}},"112":{"start":{"line":584,"column":16},"end":{"line":584,"column":46}},"113":{"start":{"line":585,"column":16},"end":{"line":585,"column":34}},"114":{"start":{"line":598,"column":8},"end":{"line":598,"column":21}},"115":{"start":{"line":599,"column":8},"end":{"line":599,"column":18483}},"116":{"start":{"line":600,"column":12},"end":{"line":600,"column":18552}},"117":{"start":{"line":601,"column":16},"end":{"line":601,"column":25}},"118":{"start":{"line":602,"column":12},"end":{"line":602,"column":18638}},"119":{"start":{"line":603,"column":16},"end":{"line":603,"column":27}},"120":{"start":{"line":620,"column":8},"end":{"line":620,"column":39}},"121":{"start":{"line":621,"column":8},"end":{"line":621,"column":19228}},"122":{"start":{"line":627,"column":8},"end":{"line":627,"column":28}},"123":{"start":{"line":628,"column":8},"end":{"line":628,"column":32}},"124":{"start":{"line":642,"column":8},"end":{"line":642,"column":19810}},"125":{"start":{"line":643,"column":12},"end":{"line":643,"column":19859}},"126":{"start":{"line":644,"column":16},"end":{"line":644,"column":25}},"127":{"start":{"line":656,"column":8},"end":{"line":656,"column":20332}},"128":{"start":{"line":657,"column":12},"end":{"line":657,"column":20384}},"129":{"start":{"line":659,"column":16},"end":{"line":659,"column":25}},"130":{"start":{"line":669,"column":8},"end":{"line":669,"column":21}},"131":{"start":{"line":680,"column":8},"end":{"line":680,"column":72}},"132":{"start":{"line":681,"column":8},"end":{"line":681,"column":21}},"133":{"start":{"line":683,"column":8},"end":{"line":683,"column":21132}},"134":{"start":{"line":684,"column":12},"end":{"line":684,"column":21176}},"135":{"start":{"line":685,"column":16},"end":{"line":685,"column":51}},"136":{"start":{"line":686,"column":16},"end":{"line":686,"column":25}},"137":{"start":{"line":688,"column":8},"end":{"line":688,"column":44}},"138":{"start":{"line":689,"column":8},"end":{"line":689,"column":21414}},"139":{"start":{"line":690,"column":12},"end":{"line":690,"column":51}},"140":{"start":{"line":704,"column":8},"end":{"line":704,"column":70}},"141":{"start":{"line":705,"column":8},"end":{"line":705,"column":21}},"142":{"start":{"line":707,"column":8},"end":{"line":707,"column":22082}},"143":{"start":{"line":708,"column":12},"end":{"line":708,"column":22129}},"144":{"start":{"line":711,"column":16},"end":{"line":711,"column":44}},"145":{"start":{"line":712,"column":16},"end":{"line":712,"column":25}},"146":{"start":{"line":714,"column":8},"end":{"line":714,"column":46}},"147":{"start":{"line":715,"column":8},"end":{"line":715,"column":22439}},"148":{"start":{"line":716,"column":12},"end":{"line":716,"column":60}},"149":{"start":{"line":724,"column":8},"end":{"line":724,"column":28}},"150":{"start":{"line":725,"column":8},"end":{"line":725,"column":32}},"151":{"start":{"line":726,"column":8},"end":{"line":726,"column":19}}},"branchMap":{"1":{"line":83,"type":"if","locations":[{"start":{"line":83,"column":8},"end":{"line":83,"column":8}},{"start":{"line":83,"column":8},"end":{"line":83,"column":8}}]},"2":{"line":92,"type":"if","locations":[{"start":{"line":92,"column":8},"end":{"line":92,"column":8}},{"start":{"line":92,"column":8},"end":{"line":92,"column":8}}]},"3":{"line":100,"type":"if","locations":[{"start":{"line":100,"column":8},"end":{"line":100,"column":8}},{"start":{"line":100,"column":8},"end":{"line":100,"column":8}}]},"4":{"line":111,"type":"if","locations":[{"start":{"line":111,"column":8},"end":{"line":111,"column":8}},{"start":{"line":111,"column":8},"end":{"line":111,"column":8}}]},"5":{"line":120,"type":"if","locations":[{"start":{"line":120,"column":8},"end":{"line":120,"column":8}},{"start":{"line":120,"column":8},"end":{"line":120,"column":8}}]},"6":{"line":139,"type":"if","locations":[{"start":{"line":139,"column":8},"end":{"line":139,"column":8}},{"start":{"line":139,"column":8},"end":{"line":139,"column":8}}]},"7":{"line":149,"type":"if","locations":[{"start":{"line":149,"column":8},"end":{"line":149,"column":8}},{"start":{"line":149,"column":8},"end":{"line":149,"column":8}}]},"8":{"line":216,"type":"if","locations":[{"start":{"line":216,"column":8},"end":{"line":216,"column":8}},{"start":{"line":216,"column":8},"end":{"line":216,"column":8}}]},"9":{"line":285,"type":"if","locations":[{"start":{"line":285,"column":8},"end":{"line":285,"column":8}},{"start":{"line":285,"column":8},"end":{"line":285,"column":8}}]},"10":{"line":312,"type":"if","locations":[{"start":{"line":312,"column":8},"end":{"line":312,"column":8}},{"start":{"line":312,"column":8},"end":{"line":312,"column":8}}]},"11":{"line":387,"type":"if","locations":[{"start":{"line":387,"column":8},"end":{"line":387,"column":8}},{"start":{"line":387,"column":8},"end":{"line":387,"column":8}}]},"12":{"line":393,"type":"if","locations":[{"start":{"line":393,"column":8},"end":{"line":393,"column":8}},{"start":{"line":393,"column":8},"end":{"line":393,"column":8}}]},"13":{"line":399,"type":"if","locations":[{"start":{"line":399,"column":8},"end":{"line":399,"column":8}},{"start":{"line":399,"column":8},"end":{"line":399,"column":8}}]},"14":{"line":405,"type":"if","locations":[{"start":{"line":405,"column":8},"end":{"line":405,"column":8}},{"start":{"line":405,"column":8},"end":{"line":405,"column":8}}]},"15":{"line":411,"type":"if","locations":[{"start":{"line":411,"column":8},"end":{"line":411,"column":8}},{"start":{"line":411,"column":8},"end":{"line":411,"column":8}}]},"16":{"line":417,"type":"if","locations":[{"start":{"line":417,"column":8},"end":{"line":417,"column":8}},{"start":{"line":417,"column":8},"end":{"line":417,"column":8}}]},"17":{"line":423,"type":"if","locations":[{"start":{"line":423,"column":8},"end":{"line":423,"column":8}},{"start":{"line":423,"column":8},"end":{"line":423,"column":8}}]},"18":{"line":429,"type":"if","locations":[{"start":{"line":429,"column":8},"end":{"line":429,"column":8}},{"start":{"line":429,"column":8},"end":{"line":429,"column":8}}]},"19":{"line":435,"type":"if","locations":[{"start":{"line":435,"column":8},"end":{"line":435,"column":8}},{"start":{"line":435,"column":8},"end":{"line":435,"column":8}}]},"20":{"line":447,"type":"if","locations":[{"start":{"line":447,"column":8},"end":{"line":447,"column":8}},{"start":{"line":447,"column":8},"end":{"line":447,"column":8}}]},"21":{"line":462,"type":"if","locations":[{"sta
[...]
"line":76,"type":"if","locations":[{"start":{"line":76,"column":8},"end":{"line":76,"column":8}},{"start":{"line":76,"column":8},"end":{"line":76,"column":8}}]},"3":{"line":85,"type":"if","locations":[{"start":{"line":85,"column":8},"end":{"line":85,"column":8}},{"start":{"line":85,"column":8},"end":{"line":85,"column":8}}]},"4":{"line":93,"type":"if","locations":[{"start":{"line":93,"column":8},"end":{"line":93,"column":8}},{"start":{"line":93,"column":8},"end":{"line":93,"column":8}}]},"5":{"line":101,"type":"if","locations":[{"start":{"line":101,"column":8},"end":{"line":101,"column":8}},{"start":{"line":101,"column":8},"end":{"line":101,"column":8}}]},"6":{"line":112,"type":"if","locations":[{"start":{"line":112,"column":8},"end":{"line":112,"column":8}},{"start":{"line":112,"column":8},"end":{"line":112,"column":8}}]},"7":{"line":121,"type":"if","locations":[{"start":{"line":121,"column":8},"end":{"line":121,"column":8}},{"start":{"line":121,"column":8},"end":{"line":121,"column":8}}]},"8":{"line":140,"type":"if","locations":[{"start":{"line":140,"column":8},"end":{"line":140,"column":8}},{"start":{"line":140,"column":8},"end":{"line":140,"column":8}}]},"9":{"line":219,"type":"if","locations":[{"start":{"line":219,"column":12},"end":{"line":219,"column":12}},{"start":{"line":219,"column":12},"end":{"line":219,"column":12}}]},"10":{"line":227,"type":"if","locations":[{"start":{"line":227,"column":12},"end":{"line":227,"column":12}},{"start":{"line":227,"column":12},"end":{"line":227,"column":12}}]},"11":{"line":278,"type":"if","locations":[{"start":{"line":278,"column":8},"end":{"line":278,"column":8}},{"start":{"line":278,"column":8},"end":{"line":278,"column":8}}]},"12":{"line":281,"type":"if","locations":[{"start":{"line":281,"column":12},"end":{"line":281,"column":12}},{"start":{"line":281,"column":12},"end":{"line":281,"column":12}}]},"13":{"line":287,"type":"if","locations":[{"start":{"line":287,"column":16},"end":{"line":287,"column":16}},{"start":{"line":287,"column":16},"end":{"line":287,"column":16}}]},"14":{"line":315,"type":"if","locations":[{"start":{"line":315,"column":12},"end":{"line":315,"column":12}},{"start":{"line":315,"column":12},"end":{"line":315,"column":12}}]},"15":{"line":336,"type":"if","locations":[{"start":{"line":336,"column":8},"end":{"line":336,"column":8}},{"start":{"line":336,"column":8},"end":{"line":336,"column":8}}]},"16":{"line":469,"type":"if","locations":[{"start":{"line":469,"column":8},"end":{"line":469,"column":8}},{"start":{"line":469,"column":8},"end":{"line":469,"column":8}}]},"17":{"line":474,"type":"if","locations":[{"start":{"line":474,"column":8},"end":{"line":474,"column":8}},{"start":{"line":474,"column":8},"end":{"line":474,"column":8}}]},"18":{"line":479,"type":"if","locations":[{"start":{"line":479,"column":8},"end":{"line":479,"column":8}},{"start":{"line":479,"column":8},"end":{"line":479,"column":8}}]},"19":{"line":484,"type":"if","locations":[{"start":{"line":484,"column":8},"end":{"line":484,"column":8}},{"start":{"line":484,"column":8},"end":{"line":484,"column":8}}]},"20":{"line":489,"type":"if","locations":[{"start":{"line":489,"column":8},"end":{"line":489,"column":8}},{"start":{"line":489,"column":8},"end":{"line":489,"column":8}}]},"21":{"line":494,"type":"if","locations":[{"start":{"line":494,"column":8},"end":{"line":494,"column":8}},{"start":{"line":494,"column":8},"end":{"line":494,"column":8}}]},"22":{"line":499,"type":"if","locations":[{"start":{"line":499,"column":8},"end":{"line":499,"column":8}},{"start":{"line":499,"column":8},"end":{"line":499,"column":8}}]},"23":{"line":504,"type":"if","locations":[{"start":{"line":504,"column":8},"end":{"line":504,"column":8}},{"start":{"line":504,"column":8},"end":{"line":504,"column":8}}]},"24":{"line":517,"type":"if","locations":[{"start":{"line":517,"column":12},"end":{"line":517,"column":12}},{"start":{"line":517,"column":12},"end":{"line":517,"column":12}}]},"25":{"line":531,"type":"if","locations":[{"start":{"line":531,"column":8},"end":{"line":531,"column":8}},{"start":{"line":531,"column":8},"end":{"line":531,"column":8}}]},"26":{"line":553,"type":"if","locations":[{"start":{"line":553,"column":8},"end":{"line":553,"column":8}},{"start":{"line":553,"column":8},"end":{"line":553,"column":8}}]},"27":{"line":557,"type":"if","locations":[{"start":{"line":557,"column":12},"end":{"line":557,"column":12}},{"start":{"line":557,"column":12},"end":{"line":557,"column":12}}]},"28":{"line":562,"type":"if","locations":[{"start":{"line":562,"column":8},"end":{"line":562,"column":8}},{"start":{"line":562,"column":8},"end":{"line":562,"column":8}}]},"29":{"line":589,"type":"if","locations":[{"start":{"line":589,"column":8},"end":{"line":589,"column":8}},{"start":{"line":589,"column":8},"end":{"line":589,"column":8}}]},"30":{"line":633,"type":"if","locations":[{"start":{"line":633,"column":8},"end":{"line":633,"column":8}},{"start":{"line":633,"column":8},"end":{"line":633,"column":8}}]},"31":{"line":636,"type":"if","locations":[{"start":{"line":636,"column":12},"end":{"line":636,"column":12}},{"start":{"line":636,"column":12},"end":{"line":636,"column":12}}]},"32":{"line":662,"type":"if","locations":[{"start":{"line":662,"column":12},"end":{"line":662,"column":12}},{"start":{"line":662,"column":12},"end":{"line":662,"column":12}}]},"33":{"line":664,"type":"if","locations":[{"start":{"line":664,"column":12},"end":{"line":664,"column":12}},{"start":{"line":664,"column":12},"end":{"line":664,"column":12}}]},"34":{"line":679,"type":"if","locations":[{"start":{"line":679,"column":12},"end":{"line":679,"column":12}},{"start":{"line":679,"column":12},"end":{"line":679,"column":12}}]},"35":{"line":693,"type":"if","locations":[{"start":{"line":693,"column":12},"end":{"line":693,"column":12}},{"start":{"line":693,"column":12},"end":{"line":693,"column":12}}]},"36":{"line":700,"type":"if","locations":[{"start":{"line":700,"column":12},"end":{"line":700,"column":12}},{"start":{"line":700,"column":12},"end":{"line":700,"column":12}}]}}},"contracts/MetaCoin.sol":{"l":{"16":1,"20":1,"21":1,"22":1,"23":1,"24":1,"28":1,"32":7},"path":"/home/gabriel/audits/gifto/contracts/MetaCoin.sol","s":{"1":1,"2":1,"3":0,"4":1,"5":1,"6":1,"7":1,"8":1,"9":7},"b":{"1":[0,1]},"f":{"1":1,"2":1,"3":1,"4":7},"fnMap":{"1":{"name":"MetaCoin","line":15,"loc":{"start":{"line":15,"column":1},"end":{"line":15,"column":21}}},"2":{"name":"sendCoin","line":19,"loc":{"start":{"line":19,"column":1},"end":{"line":19,"column":75}}},"3":{"name":"getBalanceInEth","line":27,"loc":{"start":{"line":27,"column":1},"end":{"line":27,"column":53}}},"4":{"name":"getBalance","line":31,"loc":{"start":{"line":31,"column":1},"end":{"line":31,"column":49}}}},"statementMap":{"1":{"start":{"line":16,"column":2},"end":{"line":16,"column":28}},"2":{"start":{"line":20,"column":2},"end":{"line":20,"column":49}},"3":{"start":{"line":20,"column":37},"end":{"line":20,"column":49}},"4":{"start":{"line":21,"column":2},"end":{"line":21,"column":31}},"5":{"start":{"line":22,"column":2},"end":{"line":22,"column":29}},"6":{"start":{"line":23,"column":2},"end":{"line":23,"column":39}},"7":{"start":{"line":24,"column":2},"end":{"line":24,"column":13}},"8":{"start":{"line":28,"column":2},"end":{"line":28,"column":47}},"9":{"start":{"line":32,"column":2},"end":{"line":32,"column":23}}},"branchMap":{"1":{"line":20,"type":"if","locations":[{"start":{"line":20,"column":2},"end":{"line":20,"column":2}},{"start":{"line":20,"column":2},"end":{"line":20,"column":2}}]}}},"contracts/MultisignWallet.sol":{"l":{"38":0,"39":0,"43":0,"44":0,"48":0,"49":0,"53":0,"54":0,"58":0,"59":0,"63":0,"64":0,"68":0,"69":0,"73":0,"75":0,"84":0,"86":0,"87":0,"90":0,"92":0,"93":0,"100":0,"101":0,"110":0,"111":0,"112":0,"122":0,"124":0,"125":0,"126":0,"127":0,"128":0,"130":0,"131":0,"132":0,"133":0,"142":0,"143":0,"157":0,"158":0,"159":0,"166":0,"167":0,"181":0,"182":0,"191":0,"192":0,"193":0,"202":0,"203":0,"204":0,"205":0,"206":0,"207":0,"218":0,"219":0,"228":0,"229":0,"230":0,"231":0,"232":0,"233":0,"245":0,"246":0,"247":0,"256":0,"257":0,"258":0,"259":0,"261":0,"262":0,"264":0,"265":0,"266":0,"267":0,"274":0,"281":0},"path":"/home/gabriel/audits/gifto/contracts/MultisignWallet.sol","s":{"1":0,"2":0,"3":0,"4":0,"5":0,"6":0,"7":0,"8":0,"9":0,"10":0,"11":0,"12":0,"13":0,"14":0,"15":0,"16":0,"17":0,"18":0,"19":0,"20":0,"21":0,"22":0,"23":0,"24":0,"25":0,"26":0,"27":0,"28":0,"29":0,"30":0,"31":0,"32":0,"33":0,"34":0,"35":0,"36":0,"37":0,"38":0,"39":0,"40":0,"41":0,"42":0,"43":0,"44":0,"45":0,"46":0,"47":0,"48":0,"49":0,"50":0,"51":0,"52":0,"53":0,"54":0,"55":0,"56":0,"57":0,"58":0,"59":0,"60":0,"61":0,"62":0,"63":0,"64":0,"65":0,"66":0,"67":0},"b":{"1":[0,0],"2":[0,0],"3":[0,0],"4":[0,0],"5":[0,0],"6":[0,0],"7":[0,0],"8":[0,0],"9":[0,0],"10":[0,0],"11":[0,0],"12":[0,0],"13":[0,0],"14":[0,0],"15":[0,0],"16":[0,0],"17":[0,0],"18":[0,0],"19":[0,0],"20":[0,0],"21":[0,0]},"f":{"1":0,"2":0,"3":0,"4":0,"5":0,"6":0,"7":0,"8":0,"9":0,"10":0,"11":0,"12":0,"13":0,"14":0,"15":0,"16":0,"17":0,"18":0,"19":0,"20":0,"21":0,"22":0,"23":0},"fnMap":{"1":{"name":"onlyWallet","line":37,"loc":{"start":{"line":37,"column":4},"end":{"line":37,"column":23}}},"2":{"name":"ownerDoesNotExist","line":42,"loc":{"start":{"line":42,"column":4},"end":{"line":42,"column":43}}},"3":{"name":"ownerExists","line":47,"loc":{"start":{"line":47,"column":4},"end":{"line":47,"column":37}}},"4":{"name":"confirmed","line":52,"loc":{"start":{"line":52,"column":4},"end":{"line":52,"column":58}}},"5":{"name":"notConfirmed","line":57,"loc":{"start":{"line":57,"column":4},"end":{"line":57,"column":61}}},"6":{"name":"notExecuted","line":62,"loc":{"start":{"line":62,"column":4},"end":{"line":62,"column":45}}},"7":{"name":"notNull","line":67,"loc":{"start":{"line":67,"column":4},"end":{"line":67,"column":39}}},"8":{"name":"validRequirement","line":72,"loc":{"start":{"line":72,"column":4},"end":{"line":72,"column":61}}},"9":{"name":"MultiSigWallet","line":81,"loc":{"start":{"line":81,"column":4},"end":{"line":83,"column":16}}},"10":{"name":null,"line":97,"loc":{"start":{"line":97,"column":4},"end":{"line":99,"column":17}}},"11":{"name":"addOwner","line":106,"loc":{"start":{"line":106,"column":4},"end":{"line":109,"column":34}}},"12":{"name":"removeOwner","line":117,"loc":{"start":{"line":117,"column":4},"end":{"line":120,"column":28}}},"13":{"name":"changeRequirement","line":138,"loc":{"start":{"line":138,"column":4},"end":{"line":141,"column":52}}},"14":{"name":"addTransaction","line":152,"loc":{"start":{"line":152,"column":4},"end":{"line":155,"column":41}}},"15":{"name":"submitTransaction","line":177,"loc":{"start":{"line":177,"column":4},"end":{"line":180,"column":41}}},"16":{"name":"confirmTransaction","line":187,"loc":{"start":{"line":187,"column":4},"end":{"line":190,"column":49}}},"17":{"name":"executeTransaction","line":199,"loc":{"start":{"line":199,"column":4},"end":{"line":201,"column":36}}},"18":{"name":"revokeConfirmation","line":213,"loc":{"start":{"line":213,"column":4},"end":{"line":217,"column":36}}},"19":{"name":"isConfirmed","line":225,"loc":{"start":{"line":225,"column":4},"end":{"line":228,"column":24}}},"20":{"name":"confirmationCount","line":243,"loc":{"start":{"line":243,"column":4},"end":{"line":246,"column":30}}},"21":{"name":"filterTransactions","line":255,"loc":{"start":{"line":255,"column":4},"end":{"line":258,"column":46}}},"22":{"name":"getPendingTransactions","line":274,"loc":{"start":{"line":274,"column":4},"end":{"line":277,"column":29}}},"23":{"name":"getExecutedTransactions","line":282,"loc":{"start":{"line":282,"column":4},"end":{"line":285,"column":29}}}},"statementMap":{"1":{"start":{"line":38,"column":8},"end":{"line":38,"column":43}},"2":{"start":{"line":43,"column":8},"end":{"line":43,"column":31}},"3":{"start":{"line":48,"column":8},"end":{"line":48,"column":30}},"4":{"start":{"line":53,"column":8},"end":{"line":53,"column":51}},"5":{"start":{"line":58,"column":8},"end":{"line":58,"column":52}},"6":{"start":{"line":63,"column":8},"end":{"line":63,"column":53}},"7":{"start":{"line":68,"column":8},"end":{"line":68,"column":32}},"8":{"start":{"line":73,"column":8},"end":{"line":73,"column":2106}},"9":{"start":{"line":84,"column":8},"end":{"line":84,"column":2524}},"10":{"start":{"line":86,"column":12},"end":{"line":86,"column":2639}},"11":{"start":{"line":87,"column":16},"end":{"line":87,"column":23}},"12":{"start":{"line":90,"column":12},"end":{"line":90,"column":37}},"13":{"start":{"line":92,"column":8},"end":{"line":92,"column":23}},"14":{"start":{"line":93,"column":8},"end":{"line":93,"column":27}},"15":{"start":{"line":100,"column":8},"end":{"line":100,"column":3021}},"16":{"start":{"line":101,"column":12},"end":{"line":101,"column":41}},"17":{"start":{"line":110,"column":8},"end":{"line":110,"column":28}},"18":{"start":{"line":112,"column":8},"end":{"line":112,"column":27}},"19":{"start":{"line":122,"column":8},"end":{"line":122,"column":33}},"20":{"start":{"line":124,"column":8},"end":{"line":124,"column":29}},"21":{"start":{"line":125,"column":8},"end":{"line":125,"column":3750}},"22":{"start":{"line":126,"column":12},"end":{"line":126,"column":3804}},"23":{"start":{"line":127,"column":16},"end":{"line":127,"column":52}},"24":{"start":{"line":130,"column":8},"end":{"line":130,"column":25}},"25":{"start":{"line":131,"column":8},"end":{"line":131,"column":3995}},"26":{"start":{"line":132,"column":12},"end":{"line":132,"column":43}},"27":{"start":{"line":133,"column":8},"end":{"line":133,"column":26}},"28":{"start":{"line":142,"column":8},"end":{"line":142,"column":27}},"29":{"start":{"line":143,"column":8},"end":{"line":143,"column":35}},"30":{"start":{"line":157,"column":8},"end":{"line":157,"column":65}},"31":{"start":{"line":158,"column":8},"end":{"line":158,"column":5036}},"32":{"start":{"line":159,"column":12},"end":{"line":159,"column":5106}},"33":{"start":{"line":167,"column":12},"end":{"line":167,"column":36}},"34":{"start":{"line":181,"column":8},"end":{"line":181,"column":70}},"35":{"start":{"line":182,"column":8},"end":{"line":182,"column":40}},"36":{"start":{"line":191,"column":8},"end":{"line":191,"column":54}},"37":{"start":{"line":192,"column":8},"end":{"line":192,"column":46}},"38":{"start":{"line":193,"column":8},"end":{"line":193,"column":40}},"39":{"start":{"line":202,"column":8},"end":{"line":202,"column":6675}},"40":{"start":{"line":203,"column":12},"end":{"line":203,"column":64}},"41":{"start":{"line":204,"column":12},"end":{"line":204,"column":30}},"42":{"start":{"line":205,"column":12},"end":{"line":205,"column":6841}},"43":{"start":{"line":206,"column":16},"end":{"line":206,"column":23}},"44":{"start":{"line":207,"column":12},"end":{"line":207,"column":35}},"45":{"start":{"line":218,"column":8},"end":{"line":218,"column":55}},"46":{"start":{"line":219,"column":8},"end":{"line":219,"column":44}},"47":{"start":{"line":229,"column":8},"end":{"line":229,"column":21}},"48":{"start":{"line":230,"column":8},"end":{"line":230,"column":7701}},"49":{"start":{"line":231,"column":12},"end":{"line":231,"column":7751}},"50":{"start":{"line":232,"column":16},"end":{"line":232,"column":25}},"51":{"start":{"line":233,"column":12},"end":{"line":233,"column":7839}},"52":{"start":{"line":234,"column":16},"end":{"line":234,"column":27}},"53":{"start":{"line":247,"column":8},"end":{"line":247,"column":8229}},"54":{"start":{"line":248,"column":12},"end":{"line":248,"column":8279}},"55":{"start":{"line":249,"column":16},"end":{"line":249,"column":25}},"56":{"start":{"line":259,"column":8},"end":{"line":259,"column":84}},"57":{"start":{"line":260,"column":8},"end":{"line":260,"column":21}},"58":{"start":{"line":261,"column":8},"end":{"line":261,"column":8752}},"59":{"start":{"line":262,"column":12},"end":{"line":262,"column":8811}},"60":{"start":{"line":264,"column":16},"end":{"line":264,"column":63}},"61":{"start":{"line":265,"column":16},"end":{"line":265,"column":25}},"62":{"start":{"line":267,"column":8},"end":{"line":267,"column":46}},"63":{"start":{"line":268,"column":8},"end":{"line":268,"column":9105}},"64":{"start":{"line":269,"column":12},"end":{"line":269,"column":9142}},"65":{"start":{"line":270,"column":16},"end":{"line":270,"column":60}},"66":{"start":{"line":278,"column":8},"end":{"line":278,"column":39}},"67":{"start":{"line":286,"column":8},"end":{"line":286,"column":40}}},"branchMap":{"1":{"line":38,"type":"if","locations":[{"start":{"line":38,"column":8},"end":{"line":38,"column":8}},{"start":{"line":38,"column":8},"end":{"line":38,"column":8}}]},"2":{"line":43,"type":"if","locations":[{"start":{"line":43,"column":8},"end":{"line":43,"column":8}},{"start":{"line":43,"column":8},"end":{"line":43,"column":8}}]},"3":{"line":48,"type":"if","locations":[{"start":{"line":48,"column":8},"end":{"line":48,"column":8}},{"start":{"line":48,"column":8},"end":{"line":48,"column":8}}]},"4":{"line":53,"type":"if","locations":[{"start":{"line":53,"column":8},"end":{"line":53,"column":8}},{"start":{"line":53,"column":8},"end":{"line":53,"column":8}}]},"5":{"line":58,"type":"if","locations":[{"start":{"line":58,"column":8},"end":{"line":58,"column":8}},{"start":{"line":58,"column":8},"end":{"line":58,"column":8}}]},"6":{"line":63,"type":"if","locations":[{"start":{"line":63,"column":8},"end":{"line":63,"column":8}},{"start":{"line":63,"column":8},"end":{"line":63,"column":8}}]},"7":{"line":68,"type":"if","locations":[{"start":{"line":68,"column":8},"end":{"line":68,"column":8}},{"start":{"line":68,"column":8},"end":{"line":68,"column":8}}]},"8":{"line":73,"type":"if","locations":[{"start":{"line":73,"column":8},"end":{"line":73,"column":8}},{"start":{"line":73,"column":8},"end":{"line":73,"column":8}}]},"9":{"line":86,"type":"if","locations":[{"start":{"line":86,"column":12},"end":{"line":86,"column":12}},{"start":{"line":86,"column":12},"end":{"line":86,"column":12}}]},"10":{"line":100,"type":"if","locations":[{"start":{"line":100,"column":8},"end":{"line":100,"column":8}},{"start":{"line":100,"column":8},"end":{"line":100,"column":8}}]},"11":{"line":122,"type":"if","locations":[{"start":{"line":122,"column":8},"end":{"line":122,"column":8}},{"start":{"line":122,"column":8},"end":{"line":122,"column":8}}]},"12":{"line":126,"type":"if","locations":[{"start":{"line":126,"column":12},"end":{"line":126,"column":12}},{"start":{"line":126,"column":12},"end":{"line":126,"column":12}}]},"13":{"line":131,"type":"if","locations":[{"start":{"line":131,"column":8},"end":{"line":131,"column":8}},{"start":{"line":131,"column":8},"end":{"line":131,"column":8}}]},"14":{"line":158,"type":"if","locations":[{"start":{"line":158,"column":8},"end":{"line":158,"column":8}},{"start":{"line":158,"column":8},"end":{"line":158,"column":8}}]},"15":{"line":202,"type":"if","locations":[{"start":{"line":202,"column":8},"end":{"line":202,"column":8}},{"start":{"line":202,"column":8},"end":{"line":202,"column":8}}]},"16":{"line":205,"type":"if","locations":[{"start":{"line":205,"column":12},"end":{"line":205,"column":12}},{"start":{"line":205,"column":12},"end":{"line":205,"column":12}}]},"17":{"line":231,"type":"if","locations":[{"start":{"line":231,"column":12},"end":{"line":231,"column":12}},{"start":{"line":231,"column":12},"end":{"line":231,"column":12}}]},"18":{"line":233,"type":"if","locations":[{"start":{"line":233,"column":12},"end":{"line":233,"column":12}},{"start":{"line":233,"column":12},"end":{"line":233,"column":12}}]},"19":{"line":248,"type":"if","locations":[{"start":{"line":248,"column":12},"end":{"line":248,"column":12}},{"start":{"line":248,"column":12},"end":{"line":248,"column":12}}]},"20":{"line":262,"type":"if","locations":[{"start":{"line":262,"column":12},"end":{"line":262,"column":12}},{"start":{"line":262,"column":12},"end":{"line":262,"column":12}}]},"21":{"line":269,"type":"if","locations":[{"start":{"line":269,"column":12},"end":{"line":269,"column":12}},{"start":{"line":269,"column":12},"end":{"line":269,"column":12}}]}}}}