TN:
SF:/home/gabriel/audits/gifto/contracts/Gifto.sol
FN:82,onlyOwner
FN:91,onSale
FN:99,validInvestor
FN:109,validValue
FN:119,isTradable
FN:125,
FN:132,buyGifto
FN:159,Gifto
FN:169,totalSupply
FN:177,turnOnSale
FN:183,turnOffSale
FN:188,turnOnTradable
FN:196,setIcoPercent
FN:205,setMaximumBuy
FN:213,setBuyPrice
FN:228,balanceOf
FN:237,isApprovedInvestor
FN:247,getDeposit
FN:256,addInvestorList
FN:266,removeInvestorList
FN:278,transfer
FN:304,transferFrom
FN:328,approve
FN:338,allowance
FN:347,withdraw
FN:386,onlyWallet
FN:392,ownerDoesNotExist
FN:398,ownerExists
FN:404,transactionExists
FN:410,confirmed
FN:416,notConfirmed
FN:422,notExecuted
FN:428,notNull
FN:434,validRequirement
FN:444,
FN:457,MultiSigWallet
FN:472,addOwner
FN:486,removeOwner
FN:506,replaceOwner
FN:525,changeRequirement
FN:539,submitTransaction
FN:549,confirmTransaction
FN:562,revokeConfirmation
FN:574,executeTransaction
FN:593,isConfirmed
FN:615,addTransaction
FN:637,getConfirmationCount
FN:651,getTransactionCount
FN:664,getOwners
FN:675,getConfirmations
FN:699,getTransactionIds
FN:720,createCoin
FNF:52
FNH:3
FNDA:2,onlyOwner
FNDA:0,onSale
FNDA:0,validInvestor
FNDA:0,validValue
FNDA:0,isTradable
FNDA:0,
FNDA:0,buyGifto
FNDA:2,Gifto
FNDA:0,totalSupply
FNDA:0,turnOnSale
FNDA:0,turnOffSale
FNDA:0,turnOnTradable
FNDA:0,setIcoPercent
FNDA:0,setMaximumBuy
FNDA:2,setBuyPrice
FNDA:0,balanceOf
FNDA:0,isApprovedInvestor
FNDA:0,getDeposit
FNDA:0,addInvestorList
FNDA:0,removeInvestorList
FNDA:0,transfer
FNDA:0,transferFrom
FNDA:0,approve
FNDA:0,allowance
FNDA:0,withdraw
FNDA:0,onlyWallet
FNDA:0,ownerDoesNotExist
FNDA:0,ownerExists
FNDA:0,transactionExists
FNDA:0,confirmed
FNDA:0,notConfirmed
FNDA:0,notExecuted
FNDA:0,notNull
FNDA:0,validRequirement
FNDA:0,
FNDA:0,MultiSigWallet
FNDA:0,addOwner
FNDA:0,removeOwner
FNDA:0,replaceOwner
FNDA:0,changeRequirement
FNDA:0,submitTransaction
FNDA:0,confirmTransaction
FNDA:0,revokeConfirmation
FNDA:0,executeTransaction
FNDA:0,isConfirmed
FNDA:0,addTransaction
FNDA:0,getConfirmationCount
FNDA:0,getTransactionCount
FNDA:0,getOwners
FNDA:0,getConfirmations
FNDA:0,getTransactionIds
FNDA:0,createCoin
DA:83,2
DA:84,2
DA:92,0
DA:93,0
DA:100,0
DA:101,0
DA:111,0
DA:113,0
DA:120,0
DA:121,0
DA:128,0
DA:138,0
DA:139,0
DA:141,0
DA:142,0
DA:145,0
DA:148,0
DA:149,0
DA:150,0
DA:154,0
DA:155,0
DA:161,2
DA:162,2
DA:163,2
DA:164,2
DA:172,0
DA:178,0
DA:184,0
DA:190,0
DA:198,0
DA:199,0
DA:207,0
DA:215,2
DA:216,2
DA:221,2
DA:230,0
DA:238,0
DA:247,0
DA:255,0
DA:256,0
DA:265,0
DA:266,0
DA:281,0
DA:285,0
DA:286,0
DA:287,0
DA:288,0
DA:290,0
DA:308,0
DA:312,0
DA:313,0
DA:314,0
DA:315,0
DA:316,0
DA:318,0
DA:328,0
DA:329,0
DA:330,0
DA:337,0
DA:345,0
DA:382,0
DA:383,0
DA:384,0
DA:388,0
DA:389,0
DA:390,0
DA:394,0
DA:395,0
DA:396,0
DA:400,0
DA:401,0
DA:402,0
DA:406,0
DA:407,0
DA:408,0
DA:412,0
DA:413,0
DA:414,0
DA:418,0
DA:419,0
DA:420,0
DA:424,0
DA:425,0
DA:426,0
DA:430,0
DA:434,0
DA:435,0
DA:442,0
DA:443,0
DA:456,0
DA:457,0
DA:458,0
DA:459,0
DA:461,0
DA:462,0
DA:474,0
DA:475,0
DA:476,0
DA:486,0
DA:487,0
DA:488,0
DA:489,0
DA:490,0
DA:492,0
DA:493,0
DA:494,0
DA:495,0
DA:507,0
DA:508,0
DA:509,0
DA:510,0
DA:512,0
DA:513,0
DA:514,0
DA:515,0
DA:525,0
DA:526,0
DA:538,0
DA:539,0
DA:550,0
DA:551,0
DA:552,0
DA:563,0
DA:564,0
DA:573,0
DA:574,0
DA:575,0
DA:576,0
DA:577,0
DA:579,0
DA:580,0
DA:592,0
DA:593,0
DA:594,0
DA:595,0
DA:596,0
DA:597,0
DA:614,0
DA:615,0
DA:621,0
DA:622,0
DA:635,0
DA:636,0
DA:637,0
DA:648,0
DA:649,0
DA:651,0
DA:660,0
DA:670,0
DA:671,0
DA:672,0
DA:673,0
DA:674,0
DA:675,0
DA:676,0
DA:678,0
DA:679,0
DA:680,0
DA:693,0
DA:694,0
DA:695,0
DA:696,0
DA:697,0
DA:700,0
DA:701,0
DA:703,0
DA:704,0
DA:705,0
DA:713,0
DA:714,0
DA:715,0
LF:171
LH:9
BRDA:83,1,0,2
BRDA:83,1,1,0
BRDA:92,2,0,0
BRDA:92,2,1,0
BRDA:100,3,0,0
BRDA:100,3,1,0
BRDA:111,4,0,0
BRDA:111,4,1,0
BRDA:120,5,0,0
BRDA:120,5,1,0
BRDA:139,6,0,0
BRDA:139,6,1,0
BRDA:149,7,0,0
BRDA:149,7,1,0
BRDA:216,8,0,2
BRDA:216,8,1,0
BRDA:285,9,0,0
BRDA:285,9,1,0
BRDA:312,10,0,0
BRDA:312,10,1,0
BRDA:387,11,0,0
BRDA:387,11,1,0
BRDA:393,12,0,0
BRDA:393,12,1,0
BRDA:399,13,0,0
BRDA:399,13,1,0
BRDA:405,14,0,0
BRDA:405,14,1,0
BRDA:411,15,0,0
BRDA:411,15,1,0
BRDA:417,16,0,0
BRDA:417,16,1,0
BRDA:423,17,0,0
BRDA:423,17,1,0
BRDA:429,18,0,0
BRDA:429,18,1,0
BRDA:435,19,0,0
BRDA:435,19,1,0
BRDA:447,20,0,0
BRDA:447,20,1,0
BRDA:462,21,0,0
BRDA:462,21,1,0
BRDA:493,22,0,0
BRDA:493,22,1,0
BRDA:498,23,0,0
BRDA:498,23,1,0
BRDA:513,24,0,0
BRDA:513,24,1,0
BRDA:578,25,0,0
BRDA:578,25,1,0
BRDA:581,26,0,0
BRDA:581,26,1,0
BRDA:600,27,0,0
BRDA:600,27,1,0
BRDA:602,28,0,0
BRDA:602,28,1,0
BRDA:643,29,0,0
BRDA:643,29,1,0
BRDA:657,30,0,0
BRDA:657,30,1,0
BRDA:684,31,0,0
BRDA:684,31,1,0
BRDA:708,32,0,0
BRDA:708,32,1,0
BRDA:724,33,0,0
BRDA:724,33,1,0
BRF:66
BRH:2
end_of_record
TN:
SF:/home/gabriel/audits/gifto/contracts/helpers/MockMultiSigWallet.sol
FN:8,MultiSigWalletMock
FN:10,onlyWallet
FNF:2
FNH:0
FNDA:0,MultiSigWalletMock
FNDA:0,onlyWallet
DA:11,0
LF:1
LH:0
BRF:0
BRH:0
end_of_record
TN:
SF:/home/gabriel/audits/gifto/contracts/Migration.sol
FN:5,restricted
FN:8,Migrations
FN:11,setCompleted
FN:14,upgrade
FNF:4
FNH:4
FNDA:5,restricted
FNDA:2,Migrations
FNDA:3,setCompleted
FNDA:1,upgrade
DA:6,5
DA:9,2
DA:12,3
DA:15,1
DA:16,1
LF:5
LH:5
BRDA:6,1,0,4
BRDA:6,1,1,1
BRF:2
BRH:2
end_of_record
