TN:
SF:/home/gabriel/audits/gifto/contracts/CMultisigWallet_Gifto.sol
FN:67,onlyOwner
FN:75,onlyNotOwner
FN:84,onSale
FN:92,validOriginalBuyPrice
FN:100,validInvestor
FN:110,validValue
FN:120,validRange
FN:127,
FN:134,buyGifto
FN:149,Gifto
FN:159,totalSupply
FN:168,setIcoPercent
FN:177,setMinimumBuy
FN:185,setMaximumBuy
FN:194,balanceOf
FN:203,isApprovedInvestor
FN:212,filterBuyers
FN:234,getInvestorBuyers
FN:242,getNormalBuyers
FN:250,getAllBuyers
FN:260,getDeposit
FN:270,deliveryToken
FN:309,returnETHforUnqualifiedBuyers
FN:330,transfer
FN:352,turnOnSale
FN:358,turnOffSale
FN:364,isSellingNow
FN:373,setBuyPrice
FN:381,addInvestorList
FN:391,removeInvestorList
FN:401,withdraw
FN:440,onlyWallet
FN:446,ownerDoesNotExist
FN:452,ownerExists
FN:458,transactionExists
FN:464,confirmed
FN:470,notConfirmed
FN:476,notExecuted
FN:482,notNull
FN:488,validRequirement
FN:498,
FN:511,MultiSigWallet
FN:526,addOwner
FN:540,removeOwner
FN:560,replaceOwner
FN:579,changeRequirement
FN:593,submitTransaction
FN:603,confirmTransaction
FN:616,revokeConfirmation
FN:628,executeTransaction
FN:647,isConfirmed
FN:669,addTransaction
FN:691,getConfirmationCount
FN:705,getTransactionCount
FN:718,getOwners
FN:729,getConfirmations
FN:753,getTransactionIds
FN:774,createCoin
FNF:58
FNH:0
FNDA:0,onlyOwner
FNDA:0,onlyNotOwner
FNDA:0,onSale
FNDA:0,validOriginalBuyPrice
FNDA:0,validInvestor
FNDA:0,validValue
FNDA:0,validRange
FNDA:0,
FNDA:0,buyGifto
FNDA:0,Gifto
FNDA:0,totalSupply
FNDA:0,setIcoPercent
FNDA:0,setMinimumBuy
FNDA:0,setMaximumBuy
FNDA:0,balanceOf
FNDA:0,isApprovedInvestor
FNDA:0,filterBuyers
FNDA:0,getInvestorBuyers
FNDA:0,getNormalBuyers
FNDA:0,getAllBuyers
FNDA:0,getDeposit
FNDA:0,deliveryToken
FNDA:0,returnETHforUnqualifiedBuyers
FNDA:0,transfer
FNDA:0,turnOnSale
FNDA:0,turnOffSale
FNDA:0,isSellingNow
FNDA:0,setBuyPrice
FNDA:0,addInvestorList
FNDA:0,removeInvestorList
FNDA:0,withdraw
FNDA:0,onlyWallet
FNDA:0,ownerDoesNotExist
FNDA:0,ownerExists
FNDA:0,transactionExists
FNDA:0,confirmed
FNDA:0,notConfirmed
FNDA:0,notExecuted
FNDA:0,notNull
FNDA:0,validRequirement
FNDA:0,
FNDA:0,MultiSigWallet
FNDA:0,addOwner
FNDA:0,removeOwner
FNDA:0,replaceOwner
FNDA:0,changeRequirement
FNDA:0,submitTransaction
FNDA:0,confirmTransaction
FNDA:0,revokeConfirmation
FNDA:0,executeTransaction
FNDA:0,isConfirmed
FNDA:0,addTransaction
FNDA:0,getConfirmationCount
FNDA:0,getTransactionCount
FNDA:0,getOwners
FNDA:0,getConfirmations
FNDA:0,getTransactionIds
FNDA:0,createCoin
DA:68,0
DA:69,0
DA:76,0
DA:77,0
DA:85,0
DA:86,0
DA:93,0
DA:94,0
DA:101,0
DA:102,0
DA:112,0
DA:114,0
DA:121,0
DA:123,0
DA:130,0
DA:140,0
DA:142,0
DA:145,0
DA:151,0
DA:153,0
DA:154,0
DA:162,0
DA:170,0
DA:171,0
DA:179,0
DA:187,0
DA:196,0
DA:204,0
DA:212,0
DA:213,0
DA:214,0
DA:215,0
DA:216,0
DA:217,0
DA:221,0
DA:222,0
DA:223,0
DA:224,0
DA:233,0
DA:240,0
DA:247,0
DA:256,0
DA:268,0
DA:270,0
DA:272,0
DA:273,0
DA:276,0
DA:279,0
DA:281,0
DA:282,0
DA:283,0
DA:286,0
DA:289,0
DA:290,0
DA:295,0
DA:305,0
DA:307,0
DA:309,0
DA:311,0
DA:313,0
DA:328,0
DA:332,0
DA:333,0
DA:334,0
DA:336,0
DA:339,0
DA:346,0
DA:352,0
DA:359,0
DA:367,0
DA:375,0
DA:376,0
DA:385,0
DA:386,0
DA:395,0
DA:432,0
DA:433,0
DA:434,0
DA:438,0
DA:439,0
DA:440,0
DA:444,0
DA:445,0
DA:446,0
DA:450,0
DA:451,0
DA:452,0
DA:456,0
DA:457,0
DA:458,0
DA:462,0
DA:463,0
DA:464,0
DA:468,0
DA:469,0
DA:470,0
DA:474,0
DA:475,0
DA:476,0
DA:480,0
DA:484,0
DA:485,0
DA:492,0
DA:493,0
DA:506,0
DA:507,0
DA:508,0
DA:509,0
DA:511,0
DA:512,0
DA:524,0
DA:525,0
DA:526,0
DA:536,0
DA:537,0
DA:538,0
DA:539,0
DA:540,0
DA:542,0
DA:543,0
DA:544,0
DA:545,0
DA:557,0
DA:558,0
DA:559,0
DA:560,0
DA:562,0
DA:563,0
DA:564,0
DA:565,0
DA:575,0
DA:576,0
DA:588,0
DA:589,0
DA:600,0
DA:601,0
DA:602,0
DA:613,0
DA:614,0
DA:623,0
DA:624,0
DA:625,0
DA:626,0
DA:627,0
DA:629,0
DA:630,0
DA:642,0
DA:643,0
DA:644,0
DA:645,0
DA:646,0
DA:647,0
DA:664,0
DA:665,0
DA:671,0
DA:672,0
DA:685,0
DA:686,0
DA:687,0
DA:698,0
DA:699,0
DA:701,0
DA:710,0
DA:720,0
DA:721,0
DA:722,0
DA:723,0
DA:724,0
DA:725,0
DA:726,0
DA:728,0
DA:729,0
DA:730,0
DA:743,0
DA:744,0
DA:745,0
DA:746,0
DA:747,0
DA:750,0
DA:751,0
DA:753,0
DA:754,0
DA:755,0
DA:763,0
DA:764,0
DA:765,0
LF:186
LH:0
BRDA:68,1,0,0
BRDA:68,1,1,0
BRDA:76,2,0,0
BRDA:76,2,1,0
BRDA:85,3,0,0
BRDA:85,3,1,0
BRDA:93,4,0,0
BRDA:93,4,1,0
BRDA:101,5,0,0
BRDA:101,5,1,0
BRDA:112,6,0,0
BRDA:112,6,1,0
BRDA:121,7,0,0
BRDA:121,7,1,0
BRDA:140,8,0,0
BRDA:140,8,1,0
BRDA:219,9,0,0
BRDA:219,9,1,0
BRDA:227,10,0,0
BRDA:227,10,1,0
BRDA:278,11,0,0
BRDA:278,11,1,0
BRDA:281,12,0,0
BRDA:281,12,1,0
BRDA:287,13,0,0
BRDA:287,13,1,0
BRDA:315,14,0,0
BRDA:315,14,1,0
BRDA:336,15,0,0
BRDA:336,15,1,0
BRDA:441,16,0,0
BRDA:441,16,1,0
BRDA:447,17,0,0
BRDA:447,17,1,0
BRDA:453,18,0,0
BRDA:453,18,1,0
BRDA:459,19,0,0
BRDA:459,19,1,0
BRDA:465,20,0,0
BRDA:465,20,1,0
BRDA:471,21,0,0
BRDA:471,21,1,0
BRDA:477,22,0,0
BRDA:477,22,1,0
BRDA:483,23,0,0
BRDA:483,23,1,0
BRDA:489,24,0,0
BRDA:489,24,1,0
BRDA:501,25,0,0
BRDA:501,25,1,0
BRDA:516,26,0,0
BRDA:516,26,1,0
BRDA:547,27,0,0
BRDA:547,27,1,0
BRDA:552,28,0,0
BRDA:552,28,1,0
BRDA:567,29,0,0
BRDA:567,29,1,0
BRDA:632,30,0,0
BRDA:632,30,1,0
BRDA:635,31,0,0
BRDA:635,31,1,0
BRDA:654,32,0,0
BRDA:654,32,1,0
BRDA:656,33,0,0
BRDA:656,33,1,0
BRDA:697,34,0,0
BRDA:697,34,1,0
BRDA:711,35,0,0
BRDA:711,35,1,0
BRDA:738,36,0,0
BRDA:738,36,1,0
BRDA:762,37,0,0
BRDA:762,37,1,0
BRDA:778,38,0,0
BRDA:778,38,1,0
BRF:76
BRH:0
end_of_record
TN:
SF:/home/gabriel/audits/gifto/contracts/CMultisigWallet.sol
FN:33,onlyWallet
FN:39,ownerDoesNotExist
FN:45,ownerExists
FN:51,transactionExists
FN:57,confirmed
FN:63,notConfirmed
FN:69,notExecuted
FN:75,notNull
FN:81,validRequirement
FN:91,
FN:104,MultiSigWallet
FN:119,addOwner
FN:133,removeOwner
FN:153,replaceOwner
FN:172,changeRequirement
FN:186,submitTransaction
FN:196,confirmTransaction
FN:209,revokeConfirmation
FN:221,executeTransaction
FN:240,isConfirmed
FN:262,addTransaction
FN:284,getConfirmationCount
FN:298,getTransactionCount
FN:311,getOwners
FN:322,getConfirmations
FN:346,getTransactionIds
FNF:26
FNH:0
FNDA:0,onlyWallet
FNDA:0,ownerDoesNotExist
FNDA:0,ownerExists
FNDA:0,transactionExists
FNDA:0,confirmed
FNDA:0,notConfirmed
FNDA:0,notExecuted
FNDA:0,notNull
FNDA:0,validRequirement
FNDA:0,
FNDA:0,MultiSigWallet
FNDA:0,addOwner
FNDA:0,removeOwner
FNDA:0,replaceOwner
FNDA:0,changeRequirement
FNDA:0,submitTransaction
FNDA:0,confirmTransaction
FNDA:0,revokeConfirmation
FNDA:0,executeTransaction
FNDA:0,isConfirmed
FNDA:0,addTransaction
FNDA:0,getConfirmationCount
FNDA:0,getTransactionCount
FNDA:0,getOwners
FNDA:0,getConfirmations
FNDA:0,getTransactionIds
DA:34,0
DA:35,0
DA:36,0
DA:40,0
DA:41,0
DA:42,0
DA:46,0
DA:47,0
DA:48,0
DA:52,0
DA:53,0
DA:54,0
DA:58,0
DA:59,0
DA:60,0
DA:64,0
DA:65,0
DA:66,0
DA:70,0
DA:71,0
DA:72,0
DA:76,0
DA:77,0
DA:78,0
DA:82,0
DA:86,0
DA:87,0
DA:94,0
DA:95,0
DA:108,0
DA:109,0
DA:110,0
DA:111,0
DA:113,0
DA:114,0
DA:126,0
DA:127,0
DA:128,0
DA:138,0
DA:139,0
DA:140,0
DA:141,0
DA:142,0
DA:144,0
DA:145,0
DA:146,0
DA:147,0
DA:159,0
DA:160,0
DA:161,0
DA:162,0
DA:164,0
DA:165,0
DA:166,0
DA:167,0
DA:177,0
DA:178,0
DA:190,0
DA:191,0
DA:202,0
DA:203,0
DA:204,0
DA:215,0
DA:216,0
DA:225,0
DA:226,0
DA:227,0
DA:228,0
DA:229,0
DA:231,0
DA:232,0
DA:244,0
DA:245,0
DA:246,0
DA:247,0
DA:248,0
DA:249,0
DA:266,0
DA:267,0
DA:273,0
DA:274,0
DA:287,0
DA:288,0
DA:289,0
DA:300,0
DA:301,0
DA:303,0
DA:312,0
DA:322,0
DA:323,0
DA:324,0
DA:325,0
DA:326,0
DA:327,0
DA:328,0
DA:330,0
DA:331,0
DA:332,0
DA:345,0
DA:346,0
DA:347,0
DA:348,0
DA:349,0
DA:352,0
DA:353,0
DA:355,0
DA:356,0
DA:357,0
LF:108
LH:0
BRDA:34,1,0,0
BRDA:34,1,1,0
BRDA:40,2,0,0
BRDA:40,2,1,0
BRDA:46,3,0,0
BRDA:46,3,1,0
BRDA:52,4,0,0
BRDA:52,4,1,0
BRDA:58,5,0,0
BRDA:58,5,1,0
BRDA:64,6,0,0
BRDA:64,6,1,0
BRDA:70,7,0,0
BRDA:70,7,1,0
BRDA:76,8,0,0
BRDA:76,8,1,0
BRDA:82,9,0,0
BRDA:82,9,1,0
BRDA:94,10,0,0
BRDA:94,10,1,0
BRDA:109,11,0,0
BRDA:109,11,1,0
BRDA:140,12,0,0
BRDA:140,12,1,0
BRDA:145,13,0,0
BRDA:145,13,1,0
BRDA:160,14,0,0
BRDA:160,14,1,0
BRDA:225,15,0,0
BRDA:225,15,1,0
BRDA:228,16,0,0
BRDA:228,16,1,0
BRDA:247,17,0,0
BRDA:247,17,1,0
BRDA:249,18,0,0
BRDA:249,18,1,0
BRDA:290,19,0,0
BRDA:290,19,1,0
BRDA:304,20,0,0
BRDA:304,20,1,0
BRDA:331,21,0,0
BRDA:331,21,1,0
BRDA:355,22,0,0
BRDA:355,22,1,0
BRF:44
BRH:0
end_of_record
TN:
SF:/home/gabriel/audits/gifto/contracts/ConvertLib.sol
FN:4,convert
FNF:1
FNH:1
FNDA:1,convert
DA:6,1
LF:1
LH:1
BRF:0
BRH:0
end_of_record
TN:
SF:/home/gabriel/audits/gifto/contracts/Gifto_Test.sol
FN:9,User
FN:13,
FN:18,deposit
FN:24,do_Transfer
FN:30,sendETHtoGifto
FN:54,createGifto
FN:60,test_turnOnSale
FN:74,test_turnOffSale
FN:88,test_sendTransaction
FN:100,test_transferWithoutTradable
FN:121,test_tranferWithTradable
FN:158,test_transferFromOwner_WithoutTradable
FN:187,test_addInvestor
FN:227,test_turnOnTradable
FN:243,test_setPrice
FN:270,allTest
FNF:16
FNH:0
FNDA:0,User
FNDA:0,
FNDA:0,deposit
FNDA:0,do_Transfer
FNDA:0,sendETHtoGifto
FNDA:0,createGifto
FNDA:0,test_turnOnSale
FNDA:0,test_turnOffSale
FNDA:0,test_sendTransaction
FNDA:0,test_transferWithoutTradable
FNDA:0,test_tranferWithTradable
FNDA:0,test_transferFromOwner_WithoutTradable
FNDA:0,test_addInvestor
FNDA:0,test_turnOnTradable
FNDA:0,test_setPrice
FNDA:0,allTest
DA:10,0
DA:21,0
DA:27,0
DA:34,0
DA:35,0
DA:56,0
DA:57,0
DA:62,0
DA:63,0
DA:66,0
DA:67,0
DA:70,0
DA:76,0
DA:77,0
DA:80,0
DA:81,0
DA:84,0
DA:90,0
DA:91,0
DA:93,0
DA:95,0
DA:97,0
DA:102,0
DA:103,0
DA:104,0
DA:107,0
DA:110,0
DA:113,0
DA:114,0
DA:117,0
DA:123,0
DA:124,0
DA:125,0
DA:128,0
DA:129,0
DA:130,0
DA:133,0
DA:134,0
DA:136,0
DA:137,0
DA:140,0
DA:141,0
DA:142,0
DA:145,0
DA:149,0
DA:150,0
DA:151,0
DA:154,0
DA:160,0
DA:161,0
DA:162,0
DA:164,0
DA:165,0
DA:166,0
DA:169,0
DA:171,0
DA:173,0
DA:176,0
DA:179,0
DA:180,0
DA:183,0
DA:189,0
DA:192,0
DA:194,0
DA:195,0
DA:196,0
DA:197,0
DA:201,0
DA:202,0
DA:205,0
DA:209,0
DA:211,0
DA:212,0
DA:213,0
DA:214,0
DA:218,0
DA:219,0
DA:222,0
DA:229,0
DA:230,0
DA:231,0
DA:234,0
DA:235,0
DA:238,0
DA:245,0
DA:246,0
DA:248,0
DA:251,0
DA:252,0
DA:254,0
DA:256,0
DA:257,0
DA:259,0
DA:261,0
DA:264,0
DA:271,0
DA:272,0
DA:273,0
DA:274,0
DA:275,0
DA:276,0
DA:277,0
LF:102
LH:0
BRDA:66,1,0,0
BRDA:66,1,1,0
BRDA:80,2,0,0
BRDA:80,2,1,0
BRDA:102,3,0,0
BRDA:102,3,1,0
BRDA:113,4,0,0
BRDA:113,4,1,0
BRDA:123,5,0,0
BRDA:123,5,1,0
BRDA:128,6,0,0
BRDA:128,6,1,0
BRDA:141,7,0,0
BRDA:141,7,1,0
BRDA:150,8,0,0
BRDA:150,8,1,0
BRDA:160,9,0,0
BRDA:160,9,1,0
BRDA:164,10,0,0
BRDA:164,10,1,0
BRDA:179,11,0,0
BRDA:179,11,1,0
BRDA:195,12,0,0
BRDA:195,12,1,0
BRDA:201,13,0,0
BRDA:201,13,1,0
BRDA:212,14,0,0
BRDA:212,14,1,0
BRDA:218,15,0,0
BRDA:218,15,1,0
BRDA:234,16,0,0
BRDA:234,16,1,0
BRDA:259,17,0,0
BRDA:259,17,1,0
BRF:34
BRH:0
end_of_record
TN:
SF:/home/gabriel/audits/gifto/contracts/Gifto.sol
FN:82,onlyOwner
FN:91,onSale
FN:99,validInvestor
FN:109,validValue
FN:119,isTradable
FN:125,
FN:132,buyGifto
FN:159,Gifto
FN:169,totalSupply
FN:177,turnOnSale
FN:183,turnOffSale
FN:188,turnOnTradable
FN:196,setIcoPercent
FN:205,setMaximumBuy
FN:213,setBuyPrice
FN:228,balanceOf
FN:237,isApprovedInvestor
FN:247,getDeposit
FN:256,addInvestorList
FN:266,removeInvestorList
FN:278,transfer
FN:304,transferFrom
FN:328,approve
FN:338,allowance
FN:347,withdraw
FN:386,onlyWallet
FN:392,ownerDoesNotExist
FN:398,ownerExists
FN:404,transactionExists
FN:410,confirmed
FN:416,notConfirmed
FN:422,notExecuted
FN:428,notNull
FN:434,validRequirement
FN:444,
FN:457,MultiSigWallet
FN:472,addOwner
FN:486,removeOwner
FN:506,replaceOwner
FN:525,changeRequirement
FN:539,submitTransaction
FN:549,confirmTransaction
FN:562,revokeConfirmation
FN:574,executeTransaction
FN:593,isConfirmed
FN:615,addTransaction
FN:637,getConfirmationCount
FN:651,getTransactionCount
FN:664,getOwners
FN:675,getConfirmations
FN:699,getTransactionIds
FN:720,createCoin
FNF:52
FNH:0
FNDA:0,onlyOwner
FNDA:0,onSale
FNDA:0,validInvestor
FNDA:0,validValue
FNDA:0,isTradable
FNDA:0,
FNDA:0,buyGifto
FNDA:0,Gifto
FNDA:0,totalSupply
FNDA:0,turnOnSale
FNDA:0,turnOffSale
FNDA:0,turnOnTradable
FNDA:0,setIcoPercent
FNDA:0,setMaximumBuy
FNDA:0,setBuyPrice
FNDA:0,balanceOf
FNDA:0,isApprovedInvestor
FNDA:0,getDeposit
FNDA:0,addInvestorList
FNDA:0,removeInvestorList
FNDA:0,transfer
FNDA:0,transferFrom
FNDA:0,approve
FNDA:0,allowance
FNDA:0,withdraw
FNDA:0,onlyWallet
FNDA:0,ownerDoesNotExist
FNDA:0,ownerExists
FNDA:0,transactionExists
FNDA:0,confirmed
FNDA:0,notConfirmed
FNDA:0,notExecuted
FNDA:0,notNull
FNDA:0,validRequirement
FNDA:0,
FNDA:0,MultiSigWallet
FNDA:0,addOwner
FNDA:0,removeOwner
FNDA:0,replaceOwner
FNDA:0,changeRequirement
FNDA:0,submitTransaction
FNDA:0,confirmTransaction
FNDA:0,revokeConfirmation
FNDA:0,executeTransaction
FNDA:0,isConfirmed
FNDA:0,addTransaction
FNDA:0,getConfirmationCount
FNDA:0,getTransactionCount
FNDA:0,getOwners
FNDA:0,getConfirmations
FNDA:0,getTransactionIds
FNDA:0,createCoin
DA:83,0
DA:84,0
DA:92,0
DA:93,0
DA:100,0
DA:101,0
DA:111,0
DA:113,0
DA:120,0
DA:121,0
DA:128,0
DA:138,0
DA:139,0
DA:141,0
DA:142,0
DA:145,0
DA:148,0
DA:149,0
DA:150,0
DA:154,0
DA:155,0
DA:161,0
DA:162,0
DA:163,0
DA:164,0
DA:172,0
DA:178,0
DA:184,0
DA:190,0
DA:198,0
DA:199,0
DA:207,0
DA:215,0
DA:216,0
DA:221,0
DA:230,0
DA:238,0
DA:247,0
DA:255,0
DA:256,0
DA:265,0
DA:266,0
DA:281,0
DA:285,0
DA:286,0
DA:287,0
DA:288,0
DA:290,0
DA:308,0
DA:312,0
DA:313,0
DA:314,0
DA:315,0
DA:316,0
DA:318,0
DA:328,0
DA:329,0
DA:330,0
DA:337,0
DA:345,0
DA:382,0
DA:383,0
DA:384,0
DA:388,0
DA:389,0
DA:390,0
DA:394,0
DA:395,0
DA:396,0
DA:400,0
DA:401,0
DA:402,0
DA:406,0
DA:407,0
DA:408,0
DA:412,0
DA:413,0
DA:414,0
DA:418,0
DA:419,0
DA:420,0
DA:424,0
DA:425,0
DA:426,0
DA:430,0
DA:434,0
DA:435,0
DA:442,0
DA:443,0
DA:456,0
DA:457,0
DA:458,0
DA:459,0
DA:461,0
DA:462,0
DA:474,0
DA:475,0
DA:476,0
DA:486,0
DA:487,0
DA:488,0
DA:489,0
DA:490,0
DA:492,0
DA:493,0
DA:494,0
DA:495,0
DA:507,0
DA:508,0
DA:509,0
DA:510,0
DA:512,0
DA:513,0
DA:514,0
DA:515,0
DA:525,0
DA:526,0
DA:538,0
DA:539,0
DA:550,0
DA:551,0
DA:552,0
DA:563,0
DA:564,0
DA:573,0
DA:574,0
DA:575,0
DA:576,0
DA:577,0
DA:579,0
DA:580,0
DA:592,0
DA:593,0
DA:594,0
DA:595,0
DA:596,0
DA:597,0
DA:614,0
DA:615,0
DA:621,0
DA:622,0
DA:635,0
DA:636,0
DA:637,0
DA:648,0
DA:649,0
DA:651,0
DA:660,0
DA:670,0
DA:671,0
DA:672,0
DA:673,0
DA:674,0
DA:675,0
DA:676,0
DA:678,0
DA:679,0
DA:680,0
DA:693,0
DA:694,0
DA:695,0
DA:696,0
DA:697,0
DA:700,0
DA:701,0
DA:703,0
DA:704,0
DA:705,0
DA:713,0
DA:714,0
DA:715,0
LF:171
LH:0
BRDA:83,1,0,0
BRDA:83,1,1,0
BRDA:92,2,0,0
BRDA:92,2,1,0
BRDA:100,3,0,0
BRDA:100,3,1,0
BRDA:111,4,0,0
BRDA:111,4,1,0
BRDA:120,5,0,0
BRDA:120,5,1,0
BRDA:139,6,0,0
BRDA:139,6,1,0
BRDA:149,7,0,0
BRDA:149,7,1,0
BRDA:216,8,0,0
BRDA:216,8,1,0
BRDA:285,9,0,0
BRDA:285,9,1,0
BRDA:312,10,0,0
BRDA:312,10,1,0
BRDA:387,11,0,0
BRDA:387,11,1,0
BRDA:393,12,0,0
BRDA:393,12,1,0
BRDA:399,13,0,0
BRDA:399,13,1,0
BRDA:405,14,0,0
BRDA:405,14,1,0
BRDA:411,15,0,0
BRDA:411,15,1,0
BRDA:417,16,0,0
BRDA:417,16,1,0
BRDA:423,17,0,0
BRDA:423,17,1,0
BRDA:429,18,0,0
BRDA:429,18,1,0
BRDA:435,19,0,0
BRDA:435,19,1,0
BRDA:447,20,0,0
BRDA:447,20,1,0
BRDA:462,21,0,0
BRDA:462,21,1,0
BRDA:493,22,0,0
BRDA:493,22,1,0
BRDA:498,23,0,0
BRDA:498,23,1,0
BRDA:513,24,0,0
BRDA:513,24,1,0
BRDA:578,25,0,0
BRDA:578,25,1,0
BRDA:581,26,0,0
BRDA:581,26,1,0
BRDA:600,27,0,0
BRDA:600,27,1,0
BRDA:602,28,0,0
BRDA:602,28,1,0
BRDA:643,29,0,0
BRDA:643,29,1,0
BRDA:657,30,0,0
BRDA:657,30,1,0
BRDA:684,31,0,0
BRDA:684,31,1,0
BRDA:708,32,0,0
BRDA:708,32,1,0
BRDA:724,33,0,0
BRDA:724,33,1,0
BRF:66
BRH:0
end_of_record
TN:
SF:/home/gabriel/audits/gifto/contracts/GiftoMultisigWallet.sol
FN:67,onlyOwner
FN:75,onlyNotOwner
FN:84,onSale
FN:92,validOriginalBuyPrice
FN:100,validInvestor
FN:110,validValue
FN:120,validRange
FN:127,
FN:134,buyGifto
FN:149,Gifto
FN:159,totalSupply
FN:168,setIcoPercent
FN:177,setMinimumBuy
FN:185,setMaximumBuy
FN:194,balanceOf
FN:203,isApprovedInvestor
FN:212,filterBuyers
FN:234,getInvestorBuyers
FN:242,getNormalBuyers
FN:250,getAllBuyers
FN:260,getDeposit
FN:270,deliveryToken
FN:309,returnETHforUnqualifiedBuyers
FN:330,transfer
FN:352,turnOnSale
FN:358,turnOffSale
FN:364,isSellingNow
FN:373,setBuyPrice
FN:381,addInvestorList
FN:391,removeInvestorList
FN:433,withdraw
FN:468,onlyWallet
FN:473,ownerDoesNotExist
FN:478,ownerExists
FN:483,confirmed
FN:488,notConfirmed
FN:493,notExecuted
FN:498,notNull
FN:503,validRequirement
FN:512,MultiSigWallet
FN:528,
FN:537,addOwner
FN:548,removeOwner
FN:569,changeRequirement
FN:583,addTransaction
FN:608,submitTransaction
FN:618,confirmTransaction
FN:630,executeTransaction
FN:644,revokeConfirmation
FN:656,isConfirmed
FN:674,confirmationCount
FN:686,filterTransactions
FN:705,getPendingTransactions
FN:713,getExecutedTransactions
FN:721,createCoin
FNF:55
FNH:0
FNDA:0,onlyOwner
FNDA:0,onlyNotOwner
FNDA:0,onSale
FNDA:0,validOriginalBuyPrice
FNDA:0,validInvestor
FNDA:0,validValue
FNDA:0,validRange
FNDA:0,
FNDA:0,buyGifto
FNDA:0,Gifto
FNDA:0,totalSupply
FNDA:0,setIcoPercent
FNDA:0,setMinimumBuy
FNDA:0,setMaximumBuy
FNDA:0,balanceOf
FNDA:0,isApprovedInvestor
FNDA:0,filterBuyers
FNDA:0,getInvestorBuyers
FNDA:0,getNormalBuyers
FNDA:0,getAllBuyers
FNDA:0,getDeposit
FNDA:0,deliveryToken
FNDA:0,returnETHforUnqualifiedBuyers
FNDA:0,transfer
FNDA:0,turnOnSale
FNDA:0,turnOffSale
FNDA:0,isSellingNow
FNDA:0,setBuyPrice
FNDA:0,addInvestorList
FNDA:0,removeInvestorList
FNDA:0,withdraw
FNDA:0,onlyWallet
FNDA:0,ownerDoesNotExist
FNDA:0,ownerExists
FNDA:0,confirmed
FNDA:0,notConfirmed
FNDA:0,notExecuted
FNDA:0,notNull
FNDA:0,validRequirement
FNDA:0,MultiSigWallet
FNDA:0,
FNDA:0,addOwner
FNDA:0,removeOwner
FNDA:0,changeRequirement
FNDA:0,addTransaction
FNDA:0,submitTransaction
FNDA:0,confirmTransaction
FNDA:0,executeTransaction
FNDA:0,revokeConfirmation
FNDA:0,isConfirmed
FNDA:0,confirmationCount
FNDA:0,filterTransactions
FNDA:0,getPendingTransactions
FNDA:0,getExecutedTransactions
FNDA:0,createCoin
DA:68,0
DA:69,0
DA:76,0
DA:77,0
DA:85,0
DA:86,0
DA:93,0
DA:94,0
DA:101,0
DA:102,0
DA:112,0
DA:114,0
DA:121,0
DA:123,0
DA:130,0
DA:140,0
DA:142,0
DA:145,0
DA:151,0
DA:153,0
DA:154,0
DA:162,0
DA:170,0
DA:171,0
DA:179,0
DA:187,0
DA:196,0
DA:204,0
DA:212,0
DA:213,0
DA:214,0
DA:215,0
DA:216,0
DA:217,0
DA:221,0
DA:222,0
DA:223,0
DA:224,0
DA:233,0
DA:240,0
DA:247,0
DA:256,0
DA:268,0
DA:270,0
DA:272,0
DA:273,0
DA:276,0
DA:279,0
DA:281,0
DA:282,0
DA:283,0
DA:286,0
DA:289,0
DA:290,0
DA:295,0
DA:305,0
DA:307,0
DA:309,0
DA:311,0
DA:313,0
DA:328,0
DA:332,0
DA:333,0
DA:334,0
DA:336,0
DA:339,0
DA:346,0
DA:352,0
DA:359,0
DA:367,0
DA:375,0
DA:376,0
DA:385,0
DA:386,0
DA:427,0
DA:460,0
DA:461,0
DA:465,0
DA:466,0
DA:470,0
DA:471,0
DA:475,0
DA:476,0
DA:480,0
DA:481,0
DA:485,0
DA:486,0
DA:490,0
DA:491,0
DA:495,0
DA:497,0
DA:506,0
DA:508,0
DA:509,0
DA:512,0
DA:514,0
DA:515,0
DA:522,0
DA:523,0
DA:532,0
DA:533,0
DA:534,0
DA:544,0
DA:546,0
DA:547,0
DA:548,0
DA:549,0
DA:550,0
DA:552,0
DA:553,0
DA:554,0
DA:555,0
DA:564,0
DA:565,0
DA:579,0
DA:580,0
DA:581,0
DA:588,0
DA:589,0
DA:603,0
DA:604,0
DA:613,0
DA:614,0
DA:615,0
DA:624,0
DA:625,0
DA:626,0
DA:627,0
DA:628,0
DA:629,0
DA:640,0
DA:641,0
DA:650,0
DA:651,0
DA:652,0
DA:653,0
DA:654,0
DA:655,0
DA:667,0
DA:668,0
DA:669,0
DA:678,0
DA:679,0
DA:680,0
DA:681,0
DA:683,0
DA:684,0
DA:686,0
DA:687,0
DA:688,0
DA:689,0
DA:696,0
DA:703,0
DA:711,0
LF:154
LH:0
BRDA:68,1,0,0
BRDA:68,1,1,0
BRDA:76,2,0,0
BRDA:76,2,1,0
BRDA:85,3,0,0
BRDA:85,3,1,0
BRDA:93,4,0,0
BRDA:93,4,1,0
BRDA:101,5,0,0
BRDA:101,5,1,0
BRDA:112,6,0,0
BRDA:112,6,1,0
BRDA:121,7,0,0
BRDA:121,7,1,0
BRDA:140,8,0,0
BRDA:140,8,1,0
BRDA:219,9,0,0
BRDA:219,9,1,0
BRDA:227,10,0,0
BRDA:227,10,1,0
BRDA:278,11,0,0
BRDA:278,11,1,0
BRDA:281,12,0,0
BRDA:281,12,1,0
BRDA:287,13,0,0
BRDA:287,13,1,0
BRDA:315,14,0,0
BRDA:315,14,1,0
BRDA:336,15,0,0
BRDA:336,15,1,0
BRDA:469,16,0,0
BRDA:469,16,1,0
BRDA:474,17,0,0
BRDA:474,17,1,0
BRDA:479,18,0,0
BRDA:479,18,1,0
BRDA:484,19,0,0
BRDA:484,19,1,0
BRDA:489,20,0,0
BRDA:489,20,1,0
BRDA:494,21,0,0
BRDA:494,21,1,0
BRDA:499,22,0,0
BRDA:499,22,1,0
BRDA:504,23,0,0
BRDA:504,23,1,0
BRDA:517,24,0,0
BRDA:517,24,1,0
BRDA:531,25,0,0
BRDA:531,25,1,0
BRDA:553,26,0,0
BRDA:553,26,1,0
BRDA:557,27,0,0
BRDA:557,27,1,0
BRDA:562,28,0,0
BRDA:562,28,1,0
BRDA:589,29,0,0
BRDA:589,29,1,0
BRDA:633,30,0,0
BRDA:633,30,1,0
BRDA:636,31,0,0
BRDA:636,31,1,0
BRDA:662,32,0,0
BRDA:662,32,1,0
BRDA:664,33,0,0
BRDA:664,33,1,0
BRDA:679,34,0,0
BRDA:679,34,1,0
BRDA:693,35,0,0
BRDA:693,35,1,0
BRDA:700,36,0,0
BRDA:700,36,1,0
BRF:72
BRH:0
end_of_record
TN:
SF:/home/gabriel/audits/gifto/contracts/MetaCoin.sol
FN:15,MetaCoin
FN:19,sendCoin
FN:27,getBalanceInEth
FN:31,getBalance
FNF:4
FNH:4
FNDA:1,MetaCoin
FNDA:1,sendCoin
FNDA:1,getBalanceInEth
FNDA:7,getBalance
DA:16,1
DA:20,1
DA:21,1
DA:22,1
DA:23,1
DA:24,1
DA:28,1
DA:32,7
LF:8
LH:8
BRDA:20,1,0,0
BRDA:20,1,1,1
BRF:2
BRH:1
end_of_record
TN:
SF:/home/gabriel/audits/gifto/contracts/MultisignWallet.sol
FN:37,onlyWallet
FN:42,ownerDoesNotExist
FN:47,ownerExists
FN:52,confirmed
FN:57,notConfirmed
FN:62,notExecuted
FN:67,notNull
FN:72,validRequirement
FN:81,MultiSigWallet
FN:97,
FN:106,addOwner
FN:117,removeOwner
FN:138,changeRequirement
FN:152,addTransaction
FN:177,submitTransaction
FN:187,confirmTransaction
FN:199,executeTransaction
FN:213,revokeConfirmation
FN:225,isConfirmed
FN:243,confirmationCount
FN:255,filterTransactions
FN:274,getPendingTransactions
FN:282,getExecutedTransactions
FNF:23
FNH:0
FNDA:0,onlyWallet
FNDA:0,ownerDoesNotExist
FNDA:0,ownerExists
FNDA:0,confirmed
FNDA:0,notConfirmed
FNDA:0,notExecuted
FNDA:0,notNull
FNDA:0,validRequirement
FNDA:0,MultiSigWallet
FNDA:0,
FNDA:0,addOwner
FNDA:0,removeOwner
FNDA:0,changeRequirement
FNDA:0,addTransaction
FNDA:0,submitTransaction
FNDA:0,confirmTransaction
FNDA:0,executeTransaction
FNDA:0,revokeConfirmation
FNDA:0,isConfirmed
FNDA:0,confirmationCount
FNDA:0,filterTransactions
FNDA:0,getPendingTransactions
FNDA:0,getExecutedTransactions
DA:38,0
DA:39,0
DA:43,0
DA:44,0
DA:48,0
DA:49,0
DA:53,0
DA:54,0
DA:58,0
DA:59,0
DA:63,0
DA:64,0
DA:68,0
DA:69,0
DA:73,0
DA:75,0
DA:84,0
DA:86,0
DA:87,0
DA:90,0
DA:92,0
DA:93,0
DA:100,0
DA:101,0
DA:110,0
DA:111,0
DA:112,0
DA:122,0
DA:124,0
DA:125,0
DA:126,0
DA:127,0
DA:128,0
DA:130,0
DA:131,0
DA:132,0
DA:133,0
DA:142,0
DA:143,0
DA:157,0
DA:158,0
DA:159,0
DA:166,0
DA:167,0
DA:181,0
DA:182,0
DA:191,0
DA:192,0
DA:193,0
DA:202,0
DA:203,0
DA:204,0
DA:205,0
DA:206,0
DA:207,0
DA:218,0
DA:219,0
DA:228,0
DA:229,0
DA:230,0
DA:231,0
DA:232,0
DA:233,0
DA:245,0
DA:246,0
DA:247,0
DA:256,0
DA:257,0
DA:258,0
DA:259,0
DA:261,0
DA:262,0
DA:264,0
DA:265,0
DA:266,0
DA:267,0
DA:274,0
DA:281,0
LF:78
LH:0
BRDA:38,1,0,0
BRDA:38,1,1,0
BRDA:43,2,0,0
BRDA:43,2,1,0
BRDA:48,3,0,0
BRDA:48,3,1,0
BRDA:53,4,0,0
BRDA:53,4,1,0
BRDA:58,5,0,0
BRDA:58,5,1,0
BRDA:63,6,0,0
BRDA:63,6,1,0
BRDA:68,7,0,0
BRDA:68,7,1,0
BRDA:73,8,0,0
BRDA:73,8,1,0
BRDA:86,9,0,0
BRDA:86,9,1,0
BRDA:100,10,0,0
BRDA:100,10,1,0
BRDA:122,11,0,0
BRDA:122,11,1,0
BRDA:126,12,0,0
BRDA:126,12,1,0
BRDA:131,13,0,0
BRDA:131,13,1,0
BRDA:158,14,0,0
BRDA:158,14,1,0
BRDA:202,15,0,0
BRDA:202,15,1,0
BRDA:205,16,0,0
BRDA:205,16,1,0
BRDA:231,17,0,0
BRDA:231,17,1,0
BRDA:233,18,0,0
BRDA:233,18,1,0
BRDA:248,19,0,0
BRDA:248,19,1,0
BRDA:262,20,0,0
BRDA:262,20,1,0
BRDA:269,21,0,0
BRDA:269,21,1,0
BRF:42
BRH:0
end_of_record
